<?xml version="1.0" encoding="UTF-8"?>
<testsuite xmlns:xsi="http://www.w3.org/2001/XMLSchema-instance" xsi:noNamespaceSchemaLocation="https://maven.apache.org/surefire/maven-surefire-plugin/xsd/surefire-test-report.xsd" name="io.quarkus.devtools.compat.CliCompatTest" time="3.655" tests="100" errors="100" skipped="0" failures="0">
  <properties>
[...]
</properties>
  <testcase name="testCli{Path}[1]" classname="io.quarkus.devtools.compat.CliCompatTest" time="0.019">
    <error message="Could not execute [./jbang, trust, add, https://repo1.maven.org/maven2/io/quarkus/] in /var/folders/j8/sj85tl7d2pq_vnhbpj4t5lwm0000gn/T/junit13211042671926172745/cli_2.8.1.Final-platform_2.8.1.Final. Error=2, No such file or directory" type="org.zeroturnaround.exec.ProcessInitException">org.zeroturnaround.exec.ProcessInitException: Could not execute [./jbang, trust, add, https://repo1.maven.org/maven2/io/quarkus/] in /var/folders/j8/sj85tl7d2pq_vnhbpj4t5lwm0000gn/T/junit13211042671926172745/cli_2.8.1.Final-platform_2.8.1.Final. Error=2, No such file or directory
	at io.quarkus.devtools.compat.CliCompatTest.jbang(CliCompatTest.java:141)
	at io.quarkus.devtools.compat.CliCompatTest.testCLI(CliCompatTest.java:110)
	at io.quarkus.devtools.compat.CliCompatTest.lambda$generateTests$10(CliCompatTest.java:99)
Caused by: java.io.IOException: Cannot run program "./jbang" (in directory "/var/folders/j8/sj85tl7d2pq_vnhbpj4t5lwm0000gn/T/junit13211042671926172745/cli_2.8.1.Final-platform_2.8.1.Final"): error=2, No such file or directory
	at io.quarkus.devtools.compat.CliCompatTest.jbang(CliCompatTest.java:141)
	at io.quarkus.devtools.compat.CliCompatTest.testCLI(CliCompatTest.java:110)
	at io.quarkus.devtools.compat.CliCompatTest.lambda$generateTests$10(CliCompatTest.java:99)
Caused by: java.io.IOException: error=2, No such file or directory
	at io.quarkus.devtools.compat.CliCompatTest.jbang(CliCompatTest.java:141)
	at io.quarkus.devtools.compat.CliCompatTest.testCLI(CliCompatTest.java:110)
	at io.quarkus.devtools.compat.CliCompatTest.lambda$generateTests$10(CliCompatTest.java:99)
</error>
    <system-out><![CDATA[1 combinations were already verified
run: ./jbang trust add https://repo1.maven.org/maven2/io/quarkus/
]]></system-out>
    <system-err><![CDATA[avr. 21, 2022 4:12:31 PM io.netty.resolver.dns.DnsServerAddressStreamProviders <clinit>
AVERTISSEMENT: Can not find io.netty.resolver.dns.macos.MacOSDnsServerAddressStreamProvider in the classpath, fallback to system defaults. This may result in incorrect DNS resolutions on MacOS.
]]></system-err>
  </testcase>
  <testcase name="testCli{Path}[2]" classname="io.quarkus.devtools.compat.CliCompatTest" time="0.005">
    <error message="Could not execute [./jbang, trust, add, https://repo1.maven.org/maven2/io/quarkus/] in /var/folders/j8/sj85tl7d2pq_vnhbpj4t5lwm0000gn/T/junit13211042671926172745/cli_2.8.0.Final-platform_2.8.1.Final. Error=2, No such file or directory" type="org.zeroturnaround.exec.ProcessInitException">org.zeroturnaround.exec.ProcessInitException: Could not execute [./jbang, trust, add, https://repo1.maven.org/maven2/io/quarkus/] in /var/folders/j8/sj85tl7d2pq_vnhbpj4t5lwm0000gn/T/junit13211042671926172745/cli_2.8.0.Final-platform_2.8.1.Final. Error=2, No such file or directory
	at io.quarkus.devtools.compat.CliCompatTest.jbang(CliCompatTest.java:141)
	at io.quarkus.devtools.compat.CliCompatTest.testCLI(CliCompatTest.java:110)
	at io.quarkus.devtools.compat.CliCompatTest.lambda$generateTests$10(CliCompatTest.java:99)
Caused by: java.io.IOException: Cannot run program "./jbang" (in directory "/var/folders/j8/sj85tl7d2pq_vnhbpj4t5lwm0000gn/T/junit13211042671926172745/cli_2.8.0.Final-platform_2.8.1.Final"): error=2, No such file or directory
	at io.quarkus.devtools.compat.CliCompatTest.jbang(CliCompatTest.java:141)
	at io.quarkus.devtools.compat.CliCompatTest.testCLI(CliCompatTest.java:110)
	at io.quarkus.devtools.compat.CliCompatTest.lambda$generateTests$10(CliCompatTest.java:99)
Caused by: java.io.IOException: error=2, No such file or directory
	at io.quarkus.devtools.compat.CliCompatTest.jbang(CliCompatTest.java:141)
	at io.quarkus.devtools.compat.CliCompatTest.testCLI(CliCompatTest.java:110)
	at io.quarkus.devtools.compat.CliCompatTest.lambda$generateTests$10(CliCompatTest.java:99)
</error>
    <system-out><![CDATA[run: ./jbang trust add https://repo1.maven.org/maven2/io/quarkus/
]]></system-out>
  </testcase>
  <testcase name="testCli{Path}[3]" classname="io.quarkus.devtools.compat.CliCompatTest" time="0.005">
    <error message="Could not execute [./jbang, trust, add, https://repo1.maven.org/maven2/io/quarkus/] in /var/folders/j8/sj85tl7d2pq_vnhbpj4t5lwm0000gn/T/junit13211042671926172745/cli_2.7.5.Final-platform_2.8.1.Final. Error=2, No such file or directory" type="org.zeroturnaround.exec.ProcessInitException">org.zeroturnaround.exec.ProcessInitException: Could not execute [./jbang, trust, add, https://repo1.maven.org/maven2/io/quarkus/] in /var/folders/j8/sj85tl7d2pq_vnhbpj4t5lwm0000gn/T/junit13211042671926172745/cli_2.7.5.Final-platform_2.8.1.Final. Error=2, No such file or directory
	at io.quarkus.devtools.compat.CliCompatTest.jbang(CliCompatTest.java:141)
	at io.quarkus.devtools.compat.CliCompatTest.testCLI(CliCompatTest.java:110)
	at io.quarkus.devtools.compat.CliCompatTest.lambda$generateTests$10(CliCompatTest.java:99)
Caused by: java.io.IOException: Cannot run program "./jbang" (in directory "/var/folders/j8/sj85tl7d2pq_vnhbpj4t5lwm0000gn/T/junit13211042671926172745/cli_2.7.5.Final-platform_2.8.1.Final"): error=2, No such file or directory
	at io.quarkus.devtools.compat.CliCompatTest.jbang(CliCompatTest.java:141)
	at io.quarkus.devtools.compat.CliCompatTest.testCLI(CliCompatTest.java:110)
	at io.quarkus.devtools.compat.CliCompatTest.lambda$generateTests$10(CliCompatTest.java:99)
Caused by: java.io.IOException: error=2, No such file or directory
	at io.quarkus.devtools.compat.CliCompatTest.jbang(CliCompatTest.java:141)
	at io.quarkus.devtools.compat.CliCompatTest.testCLI(CliCompatTest.java:110)
	at io.quarkus.devtools.compat.CliCompatTest.lambda$generateTests$10(CliCompatTest.java:99)
</error>
    <system-out><![CDATA[run: ./jbang trust add https://repo1.maven.org/maven2/io/quarkus/
]]></system-out>
  </testcase>
  <testcase name="testCli{Path}[4]" classname="io.quarkus.devtools.compat.CliCompatTest" time="0.006">
    <error message="Could not execute [./jbang, trust, add, https://repo1.maven.org/maven2/io/quarkus/] in /var/folders/j8/sj85tl7d2pq_vnhbpj4t5lwm0000gn/T/junit13211042671926172745/cli_2.7.4.Final-platform_2.8.1.Final. Error=2, No such file or directory" type="org.zeroturnaround.exec.ProcessInitException">org.zeroturnaround.exec.ProcessInitException: Could not execute [./jbang, trust, add, https://repo1.maven.org/maven2/io/quarkus/] in /var/folders/j8/sj85tl7d2pq_vnhbpj4t5lwm0000gn/T/junit13211042671926172745/cli_2.7.4.Final-platform_2.8.1.Final. Error=2, No such file or directory
	at io.quarkus.devtools.compat.CliCompatTest.jbang(CliCompatTest.java:141)
	at io.quarkus.devtools.compat.CliCompatTest.testCLI(CliCompatTest.java:110)
	at io.quarkus.devtools.compat.CliCompatTest.lambda$generateTests$10(CliCompatTest.java:99)
Caused by: java.io.IOException: Cannot run program "./jbang" (in directory "/var/folders/j8/sj85tl7d2pq_vnhbpj4t5lwm0000gn/T/junit13211042671926172745/cli_2.7.4.Final-platform_2.8.1.Final"): error=2, No such file or directory
	at io.quarkus.devtools.compat.CliCompatTest.jbang(CliCompatTest.java:141)
	at io.quarkus.devtools.compat.CliCompatTest.testCLI(CliCompatTest.java:110)
	at io.quarkus.devtools.compat.CliCompatTest.lambda$generateTests$10(CliCompatTest.java:99)
Caused by: java.io.IOException: error=2, No such file or directory
	at io.quarkus.devtools.compat.CliCompatTest.jbang(CliCompatTest.java:141)
	at io.quarkus.devtools.compat.CliCompatTest.testCLI(CliCompatTest.java:110)
	at io.quarkus.devtools.compat.CliCompatTest.lambda$generateTests$10(CliCompatTest.java:99)
</error>
    <system-out><![CDATA[run: ./jbang trust add https://repo1.maven.org/maven2/io/quarkus/
]]></system-out>
  </testcase>
  <testcase name="testCli{Path}[5]" classname="io.quarkus.devtools.compat.CliCompatTest" time="0.004">
    <error message="Could not execute [./jbang, trust, add, https://repo1.maven.org/maven2/io/quarkus/] in /var/folders/j8/sj85tl7d2pq_vnhbpj4t5lwm0000gn/T/junit13211042671926172745/cli_2.7.3.Final-platform_2.8.1.Final. Error=2, No such file or directory" type="org.zeroturnaround.exec.ProcessInitException">org.zeroturnaround.exec.ProcessInitException: Could not execute [./jbang, trust, add, https://repo1.maven.org/maven2/io/quarkus/] in /var/folders/j8/sj85tl7d2pq_vnhbpj4t5lwm0000gn/T/junit13211042671926172745/cli_2.7.3.Final-platform_2.8.1.Final. Error=2, No such file or directory
	at io.quarkus.devtools.compat.CliCompatTest.jbang(CliCompatTest.java:141)
	at io.quarkus.devtools.compat.CliCompatTest.testCLI(CliCompatTest.java:110)
	at io.quarkus.devtools.compat.CliCompatTest.lambda$generateTests$10(CliCompatTest.java:99)
Caused by: java.io.IOException: Cannot run program "./jbang" (in directory "/var/folders/j8/sj85tl7d2pq_vnhbpj4t5lwm0000gn/T/junit13211042671926172745/cli_2.7.3.Final-platform_2.8.1.Final"): error=2, No such file or directory
	at io.quarkus.devtools.compat.CliCompatTest.jbang(CliCompatTest.java:141)
	at io.quarkus.devtools.compat.CliCompatTest.testCLI(CliCompatTest.java:110)
	at io.quarkus.devtools.compat.CliCompatTest.lambda$generateTests$10(CliCompatTest.java:99)
Caused by: java.io.IOException: error=2, No such file or directory
	at io.quarkus.devtools.compat.CliCompatTest.jbang(CliCompatTest.java:141)
	at io.quarkus.devtools.compat.CliCompatTest.testCLI(CliCompatTest.java:110)
	at io.quarkus.devtools.compat.CliCompatTest.lambda$generateTests$10(CliCompatTest.java:99)
</error>
    <system-out><![CDATA[run: ./jbang trust add https://repo1.maven.org/maven2/io/quarkus/
]]></system-out>
  </testcase>
  <testcase name="testCli{Path}[6]" classname="io.quarkus.devtools.compat.CliCompatTest" time="0.004">
    <error message="Could not execute [./jbang, trust, add, https://repo1.maven.org/maven2/io/quarkus/] in /var/folders/j8/sj85tl7d2pq_vnhbpj4t5lwm0000gn/T/junit13211042671926172745/cli_2.7.2.Final-platform_2.8.1.Final. Error=2, No such file or directory" type="org.zeroturnaround.exec.ProcessInitException">org.zeroturnaround.exec.ProcessInitException: Could not execute [./jbang, trust, add, https://repo1.maven.org/maven2/io/quarkus/] in /var/folders/j8/sj85tl7d2pq_vnhbpj4t5lwm0000gn/T/junit13211042671926172745/cli_2.7.2.Final-platform_2.8.1.Final. Error=2, No such file or directory
	at io.quarkus.devtools.compat.CliCompatTest.jbang(CliCompatTest.java:141)
	at io.quarkus.devtools.compat.CliCompatTest.testCLI(CliCompatTest.java:110)
	at io.quarkus.devtools.compat.CliCompatTest.lambda$generateTests$10(CliCompatTest.java:99)
Caused by: java.io.IOException: Cannot run program "./jbang" (in directory "/var/folders/j8/sj85tl7d2pq_vnhbpj4t5lwm0000gn/T/junit13211042671926172745/cli_2.7.2.Final-platform_2.8.1.Final"): error=2, No such file or directory
	at io.quarkus.devtools.compat.CliCompatTest.jbang(CliCompatTest.java:141)
	at io.quarkus.devtools.compat.CliCompatTest.testCLI(CliCompatTest.java:110)
	at io.quarkus.devtools.compat.CliCompatTest.lambda$generateTests$10(CliCompatTest.java:99)
Caused by: java.io.IOException: error=2, No such file or directory
	at io.quarkus.devtools.compat.CliCompatTest.jbang(CliCompatTest.java:141)
	at io.quarkus.devtools.compat.CliCompatTest.testCLI(CliCompatTest.java:110)
	at io.quarkus.devtools.compat.CliCompatTest.lambda$generateTests$10(CliCompatTest.java:99)
</error>
    <system-out><![CDATA[run: ./jbang trust add https://repo1.maven.org/maven2/io/quarkus/
]]></system-out>
  </testcase>
  <testcase name="testCli{Path}[7]" classname="io.quarkus.devtools.compat.CliCompatTest" time="0">
    <error message="Could not execute [./jbang, trust, add, https://repo1.maven.org/maven2/io/quarkus/] in /var/folders/j8/sj85tl7d2pq_vnhbpj4t5lwm0000gn/T/junit13211042671926172745/cli_2.7.1.Final-platform_2.8.1.Final. Error=2, No such file or directory" type="org.zeroturnaround.exec.ProcessInitException">org.zeroturnaround.exec.ProcessInitException: Could not execute [./jbang, trust, add, https://repo1.maven.org/maven2/io/quarkus/] in /var/folders/j8/sj85tl7d2pq_vnhbpj4t5lwm0000gn/T/junit13211042671926172745/cli_2.7.1.Final-platform_2.8.1.Final. Error=2, No such file or directory
	at io.quarkus.devtools.compat.CliCompatTest.jbang(CliCompatTest.java:141)
	at io.quarkus.devtools.compat.CliCompatTest.testCLI(CliCompatTest.java:110)
	at io.quarkus.devtools.compat.CliCompatTest.lambda$generateTests$10(CliCompatTest.java:99)
Caused by: java.io.IOException: Cannot run program "./jbang" (in directory "/var/folders/j8/sj85tl7d2pq_vnhbpj4t5lwm0000gn/T/junit13211042671926172745/cli_2.7.1.Final-platform_2.8.1.Final"): error=2, No such file or directory
	at io.quarkus.devtools.compat.CliCompatTest.jbang(CliCompatTest.java:141)
	at io.quarkus.devtools.compat.CliCompatTest.testCLI(CliCompatTest.java:110)
	at io.quarkus.devtools.compat.CliCompatTest.lambda$generateTests$10(CliCompatTest.java:99)
Caused by: java.io.IOException: error=2, No such file or directory
	at io.quarkus.devtools.compat.CliCompatTest.jbang(CliCompatTest.java:141)
	at io.quarkus.devtools.compat.CliCompatTest.testCLI(CliCompatTest.java:110)
	at io.quarkus.devtools.compat.CliCompatTest.lambda$generateTests$10(CliCompatTest.java:99)
</error>
    <system-out><![CDATA[run: ./jbang trust add https://repo1.maven.org/maven2/io/quarkus/
]]></system-out>
  </testcase>
  <testcase name="testCli{Path}[8]" classname="io.quarkus.devtools.compat.CliCompatTest" time="0.001">
    <error message="Could not execute [./jbang, trust, add, https://repo1.maven.org/maven2/io/quarkus/] in /var/folders/j8/sj85tl7d2pq_vnhbpj4t5lwm0000gn/T/junit13211042671926172745/cli_2.7.0.Final-platform_2.8.1.Final. Error=2, No such file or directory" type="org.zeroturnaround.exec.ProcessInitException">org.zeroturnaround.exec.ProcessInitException: Could not execute [./jbang, trust, add, https://repo1.maven.org/maven2/io/quarkus/] in /var/folders/j8/sj85tl7d2pq_vnhbpj4t5lwm0000gn/T/junit13211042671926172745/cli_2.7.0.Final-platform_2.8.1.Final. Error=2, No such file or directory
	at io.quarkus.devtools.compat.CliCompatTest.jbang(CliCompatTest.java:141)
	at io.quarkus.devtools.compat.CliCompatTest.testCLI(CliCompatTest.java:110)
	at io.quarkus.devtools.compat.CliCompatTest.lambda$generateTests$10(CliCompatTest.java:99)
Caused by: java.io.IOException: Cannot run program "./jbang" (in directory "/var/folders/j8/sj85tl7d2pq_vnhbpj4t5lwm0000gn/T/junit13211042671926172745/cli_2.7.0.Final-platform_2.8.1.Final"): error=2, No such file or directory
	at io.quarkus.devtools.compat.CliCompatTest.jbang(CliCompatTest.java:141)
	at io.quarkus.devtools.compat.CliCompatTest.testCLI(CliCompatTest.java:110)
	at io.quarkus.devtools.compat.CliCompatTest.lambda$generateTests$10(CliCompatTest.java:99)
Caused by: java.io.IOException: error=2, No such file or directory
	at io.quarkus.devtools.compat.CliCompatTest.jbang(CliCompatTest.java:141)
	at io.quarkus.devtools.compat.CliCompatTest.testCLI(CliCompatTest.java:110)
	at io.quarkus.devtools.compat.CliCompatTest.lambda$generateTests$10(CliCompatTest.java:99)
</error>
    <system-out><![CDATA[run: ./jbang trust add https://repo1.maven.org/maven2/io/quarkus/
]]></system-out>
  </testcase>
  <testcase name="testCli{Path}[9]" classname="io.quarkus.devtools.compat.CliCompatTest" time="0.004">
    <error message="Could not execute [./jbang, trust, add, https://repo1.maven.org/maven2/io/quarkus/] in /var/folders/j8/sj85tl7d2pq_vnhbpj4t5lwm0000gn/T/junit13211042671926172745/cli_2.6.3.Final-platform_2.8.1.Final. Error=2, No such file or directory" type="org.zeroturnaround.exec.ProcessInitException">org.zeroturnaround.exec.ProcessInitException: Could not execute [./jbang, trust, add, https://repo1.maven.org/maven2/io/quarkus/] in /var/folders/j8/sj85tl7d2pq_vnhbpj4t5lwm0000gn/T/junit13211042671926172745/cli_2.6.3.Final-platform_2.8.1.Final. Error=2, No such file or directory
	at io.quarkus.devtools.compat.CliCompatTest.jbang(CliCompatTest.java:141)
	at io.quarkus.devtools.compat.CliCompatTest.testCLI(CliCompatTest.java:110)
	at io.quarkus.devtools.compat.CliCompatTest.lambda$generateTests$10(CliCompatTest.java:99)
Caused by: java.io.IOException: Cannot run program "./jbang" (in directory "/var/folders/j8/sj85tl7d2pq_vnhbpj4t5lwm0000gn/T/junit13211042671926172745/cli_2.6.3.Final-platform_2.8.1.Final"): error=2, No such file or directory
	at io.quarkus.devtools.compat.CliCompatTest.jbang(CliCompatTest.java:141)
	at io.quarkus.devtools.compat.CliCompatTest.testCLI(CliCompatTest.java:110)
	at io.quarkus.devtools.compat.CliCompatTest.lambda$generateTests$10(CliCompatTest.java:99)
Caused by: java.io.IOException: error=2, No such file or directory
	at io.quarkus.devtools.compat.CliCompatTest.jbang(CliCompatTest.java:141)
	at io.quarkus.devtools.compat.CliCompatTest.testCLI(CliCompatTest.java:110)
	at io.quarkus.devtools.compat.CliCompatTest.lambda$generateTests$10(CliCompatTest.java:99)
</error>
    <system-out><![CDATA[run: ./jbang trust add https://repo1.maven.org/maven2/io/quarkus/
]]></system-out>
  </testcase>
  <testcase name="testCli{Path}[10]" classname="io.quarkus.devtools.compat.CliCompatTest" time="0.004">
    <error message="Could not execute [./jbang, trust, add, https://repo1.maven.org/maven2/io/quarkus/] in /var/folders/j8/sj85tl7d2pq_vnhbpj4t5lwm0000gn/T/junit13211042671926172745/cli_2.6.2.Final-platform_2.8.1.Final. Error=2, No such file or directory" type="org.zeroturnaround.exec.ProcessInitException">org.zeroturnaround.exec.ProcessInitException: Could not execute [./jbang, trust, add, https://repo1.maven.org/maven2/io/quarkus/] in /var/folders/j8/sj85tl7d2pq_vnhbpj4t5lwm0000gn/T/junit13211042671926172745/cli_2.6.2.Final-platform_2.8.1.Final. Error=2, No such file or directory
	at io.quarkus.devtools.compat.CliCompatTest.jbang(CliCompatTest.java:141)
	at io.quarkus.devtools.compat.CliCompatTest.testCLI(CliCompatTest.java:110)
	at io.quarkus.devtools.compat.CliCompatTest.lambda$generateTests$10(CliCompatTest.java:99)
Caused by: java.io.IOException: Cannot run program "./jbang" (in directory "/var/folders/j8/sj85tl7d2pq_vnhbpj4t5lwm0000gn/T/junit13211042671926172745/cli_2.6.2.Final-platform_2.8.1.Final"): error=2, No such file or directory
	at io.quarkus.devtools.compat.CliCompatTest.jbang(CliCompatTest.java:141)
	at io.quarkus.devtools.compat.CliCompatTest.testCLI(CliCompatTest.java:110)
	at io.quarkus.devtools.compat.CliCompatTest.lambda$generateTests$10(CliCompatTest.java:99)
Caused by: java.io.IOException: error=2, No such file or directory
	at io.quarkus.devtools.compat.CliCompatTest.jbang(CliCompatTest.java:141)
	at io.quarkus.devtools.compat.CliCompatTest.testCLI(CliCompatTest.java:110)
	at io.quarkus.devtools.compat.CliCompatTest.lambda$generateTests$10(CliCompatTest.java:99)
</error>
    <system-out><![CDATA[run: ./jbang trust add https://repo1.maven.org/maven2/io/quarkus/
]]></system-out>
  </testcase>
  <testcase name="testCli{Path}[11]" classname="io.quarkus.devtools.compat.CliCompatTest" time="0.004">
    <error message="Could not execute [./jbang, trust, add, https://repo1.maven.org/maven2/io/quarkus/] in /var/folders/j8/sj85tl7d2pq_vnhbpj4t5lwm0000gn/T/junit13211042671926172745/cli_2.8.1.Final-platform_2.8.0.Final. Error=2, No such file or directory" type="org.zeroturnaround.exec.ProcessInitException">org.zeroturnaround.exec.ProcessInitException: Could not execute [./jbang, trust, add, https://repo1.maven.org/maven2/io/quarkus/] in /var/folders/j8/sj85tl7d2pq_vnhbpj4t5lwm0000gn/T/junit13211042671926172745/cli_2.8.1.Final-platform_2.8.0.Final. Error=2, No such file or directory
	at io.quarkus.devtools.compat.CliCompatTest.jbang(CliCompatTest.java:141)
	at io.quarkus.devtools.compat.CliCompatTest.testCLI(CliCompatTest.java:110)
	at io.quarkus.devtools.compat.CliCompatTest.lambda$generateTests$10(CliCompatTest.java:99)
Caused by: java.io.IOException: Cannot run program "./jbang" (in directory "/var/folders/j8/sj85tl7d2pq_vnhbpj4t5lwm0000gn/T/junit13211042671926172745/cli_2.8.1.Final-platform_2.8.0.Final"): error=2, No such file or directory
	at io.quarkus.devtools.compat.CliCompatTest.jbang(CliCompatTest.java:141)
	at io.quarkus.devtools.compat.CliCompatTest.testCLI(CliCompatTest.java:110)
	at io.quarkus.devtools.compat.CliCompatTest.lambda$generateTests$10(CliCompatTest.java:99)
Caused by: java.io.IOException: error=2, No such file or directory
	at io.quarkus.devtools.compat.CliCompatTest.jbang(CliCompatTest.java:141)
	at io.quarkus.devtools.compat.CliCompatTest.testCLI(CliCompatTest.java:110)
	at io.quarkus.devtools.compat.CliCompatTest.lambda$generateTests$10(CliCompatTest.java:99)
</error>
    <system-out><![CDATA[run: ./jbang trust add https://repo1.maven.org/maven2/io/quarkus/
]]></system-out>
  </testcase>
  <testcase name="testCli{Path}[12]" classname="io.quarkus.devtools.compat.CliCompatTest" time="0.004">
    <error message="Could not execute [./jbang, trust, add, https://repo1.maven.org/maven2/io/quarkus/] in /var/folders/j8/sj85tl7d2pq_vnhbpj4t5lwm0000gn/T/junit13211042671926172745/cli_2.8.0.Final-platform_2.8.0.Final. Error=2, No such file or directory" type="org.zeroturnaround.exec.ProcessInitException">org.zeroturnaround.exec.ProcessInitException: Could not execute [./jbang, trust, add, https://repo1.maven.org/maven2/io/quarkus/] in /var/folders/j8/sj85tl7d2pq_vnhbpj4t5lwm0000gn/T/junit13211042671926172745/cli_2.8.0.Final-platform_2.8.0.Final. Error=2, No such file or directory
	at io.quarkus.devtools.compat.CliCompatTest.jbang(CliCompatTest.java:141)
	at io.quarkus.devtools.compat.CliCompatTest.testCLI(CliCompatTest.java:110)
	at io.quarkus.devtools.compat.CliCompatTest.lambda$generateTests$10(CliCompatTest.java:99)
Caused by: java.io.IOException: Cannot run program "./jbang" (in directory "/var/folders/j8/sj85tl7d2pq_vnhbpj4t5lwm0000gn/T/junit13211042671926172745/cli_2.8.0.Final-platform_2.8.0.Final"): error=2, No such file or directory
	at io.quarkus.devtools.compat.CliCompatTest.jbang(CliCompatTest.java:141)
	at io.quarkus.devtools.compat.CliCompatTest.testCLI(CliCompatTest.java:110)
	at io.quarkus.devtools.compat.CliCompatTest.lambda$generateTests$10(CliCompatTest.java:99)
Caused by: java.io.IOException: error=2, No such file or directory
	at io.quarkus.devtools.compat.CliCompatTest.jbang(CliCompatTest.java:141)
	at io.quarkus.devtools.compat.CliCompatTest.testCLI(CliCompatTest.java:110)
	at io.quarkus.devtools.compat.CliCompatTest.lambda$generateTests$10(CliCompatTest.java:99)
</error>
    <system-out><![CDATA[run: ./jbang trust add https://repo1.maven.org/maven2/io/quarkus/
]]></system-out>
  </testcase>
  <testcase name="testCli{Path}[13]" classname="io.quarkus.devtools.compat.CliCompatTest" time="0.004">
    <error message="Could not execute [./jbang, trust, add, https://repo1.maven.org/maven2/io/quarkus/] in /var/folders/j8/sj85tl7d2pq_vnhbpj4t5lwm0000gn/T/junit13211042671926172745/cli_2.7.5.Final-platform_2.8.0.Final. Error=2, No such file or directory" type="org.zeroturnaround.exec.ProcessInitException">org.zeroturnaround.exec.ProcessInitException: Could not execute [./jbang, trust, add, https://repo1.maven.org/maven2/io/quarkus/] in /var/folders/j8/sj85tl7d2pq_vnhbpj4t5lwm0000gn/T/junit13211042671926172745/cli_2.7.5.Final-platform_2.8.0.Final. Error=2, No such file or directory
	at io.quarkus.devtools.compat.CliCompatTest.jbang(CliCompatTest.java:141)
	at io.quarkus.devtools.compat.CliCompatTest.testCLI(CliCompatTest.java:110)
	at io.quarkus.devtools.compat.CliCompatTest.lambda$generateTests$10(CliCompatTest.java:99)
Caused by: java.io.IOException: Cannot run program "./jbang" (in directory "/var/folders/j8/sj85tl7d2pq_vnhbpj4t5lwm0000gn/T/junit13211042671926172745/cli_2.7.5.Final-platform_2.8.0.Final"): error=2, No such file or directory
	at io.quarkus.devtools.compat.CliCompatTest.jbang(CliCompatTest.java:141)
	at io.quarkus.devtools.compat.CliCompatTest.testCLI(CliCompatTest.java:110)
	at io.quarkus.devtools.compat.CliCompatTest.lambda$generateTests$10(CliCompatTest.java:99)
Caused by: java.io.IOException: error=2, No such file or directory
	at io.quarkus.devtools.compat.CliCompatTest.jbang(CliCompatTest.java:141)
	at io.quarkus.devtools.compat.CliCompatTest.testCLI(CliCompatTest.java:110)
	at io.quarkus.devtools.compat.CliCompatTest.lambda$generateTests$10(CliCompatTest.java:99)
</error>
    <system-out><![CDATA[run: ./jbang trust add https://repo1.maven.org/maven2/io/quarkus/
]]></system-out>
  </testcase>
  <testcase name="testCli{Path}[14]" classname="io.quarkus.devtools.compat.CliCompatTest" time="0.003">
    <error message="Could not execute [./jbang, trust, add, https://repo1.maven.org/maven2/io/quarkus/] in /var/folders/j8/sj85tl7d2pq_vnhbpj4t5lwm0000gn/T/junit13211042671926172745/cli_2.7.4.Final-platform_2.8.0.Final. Error=2, No such file or directory" type="org.zeroturnaround.exec.ProcessInitException">org.zeroturnaround.exec.ProcessInitException: Could not execute [./jbang, trust, add, https://repo1.maven.org/maven2/io/quarkus/] in /var/folders/j8/sj85tl7d2pq_vnhbpj4t5lwm0000gn/T/junit13211042671926172745/cli_2.7.4.Final-platform_2.8.0.Final. Error=2, No such file or directory
	at io.quarkus.devtools.compat.CliCompatTest.jbang(CliCompatTest.java:141)
	at io.quarkus.devtools.compat.CliCompatTest.testCLI(CliCompatTest.java:110)
	at io.quarkus.devtools.compat.CliCompatTest.lambda$generateTests$10(CliCompatTest.java:99)
Caused by: java.io.IOException: Cannot run program "./jbang" (in directory "/var/folders/j8/sj85tl7d2pq_vnhbpj4t5lwm0000gn/T/junit13211042671926172745/cli_2.7.4.Final-platform_2.8.0.Final"): error=2, No such file or directory
	at io.quarkus.devtools.compat.CliCompatTest.jbang(CliCompatTest.java:141)
	at io.quarkus.devtools.compat.CliCompatTest.testCLI(CliCompatTest.java:110)
	at io.quarkus.devtools.compat.CliCompatTest.lambda$generateTests$10(CliCompatTest.java:99)
Caused by: java.io.IOException: error=2, No such file or directory
	at io.quarkus.devtools.compat.CliCompatTest.jbang(CliCompatTest.java:141)
	at io.quarkus.devtools.compat.CliCompatTest.testCLI(CliCompatTest.java:110)
	at io.quarkus.devtools.compat.CliCompatTest.lambda$generateTests$10(CliCompatTest.java:99)
</error>
    <system-out><![CDATA[run: ./jbang trust add https://repo1.maven.org/maven2/io/quarkus/
]]></system-out>
  </testcase>
  <testcase name="testCli{Path}[15]" classname="io.quarkus.devtools.compat.CliCompatTest" time="0.003">
    <error message="Could not execute [./jbang, trust, add, https://repo1.maven.org/maven2/io/quarkus/] in /var/folders/j8/sj85tl7d2pq_vnhbpj4t5lwm0000gn/T/junit13211042671926172745/cli_2.7.3.Final-platform_2.8.0.Final. Error=2, No such file or directory" type="org.zeroturnaround.exec.ProcessInitException">org.zeroturnaround.exec.ProcessInitException: Could not execute [./jbang, trust, add, https://repo1.maven.org/maven2/io/quarkus/] in /var/folders/j8/sj85tl7d2pq_vnhbpj4t5lwm0000gn/T/junit13211042671926172745/cli_2.7.3.Final-platform_2.8.0.Final. Error=2, No such file or directory
	at io.quarkus.devtools.compat.CliCompatTest.jbang(CliCompatTest.java:141)
	at io.quarkus.devtools.compat.CliCompatTest.testCLI(CliCompatTest.java:110)
	at io.quarkus.devtools.compat.CliCompatTest.lambda$generateTests$10(CliCompatTest.java:99)
Caused by: java.io.IOException: Cannot run program "./jbang" (in directory "/var/folders/j8/sj85tl7d2pq_vnhbpj4t5lwm0000gn/T/junit13211042671926172745/cli_2.7.3.Final-platform_2.8.0.Final"): error=2, No such file or directory
	at io.quarkus.devtools.compat.CliCompatTest.jbang(CliCompatTest.java:141)
	at io.quarkus.devtools.compat.CliCompatTest.testCLI(CliCompatTest.java:110)
	at io.quarkus.devtools.compat.CliCompatTest.lambda$generateTests$10(CliCompatTest.java:99)
Caused by: java.io.IOException: error=2, No such file or directory
	at io.quarkus.devtools.compat.CliCompatTest.jbang(CliCompatTest.java:141)
	at io.quarkus.devtools.compat.CliCompatTest.testCLI(CliCompatTest.java:110)
	at io.quarkus.devtools.compat.CliCompatTest.lambda$generateTests$10(CliCompatTest.java:99)
</error>
    <system-out><![CDATA[run: ./jbang trust add https://repo1.maven.org/maven2/io/quarkus/
]]></system-out>
  </testcase>
  <testcase name="testCli{Path}[16]" classname="io.quarkus.devtools.compat.CliCompatTest" time="0.004">
    <error message="Could not execute [./jbang, trust, add, https://repo1.maven.org/maven2/io/quarkus/] in /var/folders/j8/sj85tl7d2pq_vnhbpj4t5lwm0000gn/T/junit13211042671926172745/cli_2.7.2.Final-platform_2.8.0.Final. Error=2, No such file or directory" type="org.zeroturnaround.exec.ProcessInitException">org.zeroturnaround.exec.ProcessInitException: Could not execute [./jbang, trust, add, https://repo1.maven.org/maven2/io/quarkus/] in /var/folders/j8/sj85tl7d2pq_vnhbpj4t5lwm0000gn/T/junit13211042671926172745/cli_2.7.2.Final-platform_2.8.0.Final. Error=2, No such file or directory
	at io.quarkus.devtools.compat.CliCompatTest.jbang(CliCompatTest.java:141)
	at io.quarkus.devtools.compat.CliCompatTest.testCLI(CliCompatTest.java:110)
	at io.quarkus.devtools.compat.CliCompatTest.lambda$generateTests$10(CliCompatTest.java:99)
Caused by: java.io.IOException: Cannot run program "./jbang" (in directory "/var/folders/j8/sj85tl7d2pq_vnhbpj4t5lwm0000gn/T/junit13211042671926172745/cli_2.7.2.Final-platform_2.8.0.Final"): error=2, No such file or directory
	at io.quarkus.devtools.compat.CliCompatTest.jbang(CliCompatTest.java:141)
	at io.quarkus.devtools.compat.CliCompatTest.testCLI(CliCompatTest.java:110)
	at io.quarkus.devtools.compat.CliCompatTest.lambda$generateTests$10(CliCompatTest.java:99)
Caused by: java.io.IOException: error=2, No such file or directory
	at io.quarkus.devtools.compat.CliCompatTest.jbang(CliCompatTest.java:141)
	at io.quarkus.devtools.compat.CliCompatTest.testCLI(CliCompatTest.java:110)
	at io.quarkus.devtools.compat.CliCompatTest.lambda$generateTests$10(CliCompatTest.java:99)
</error>
    <system-out><![CDATA[run: ./jbang trust add https://repo1.maven.org/maven2/io/quarkus/
]]></system-out>
  </testcase>
  <testcase name="testCli{Path}[17]" classname="io.quarkus.devtools.compat.CliCompatTest" time="0.003">
    <error message="Could not execute [./jbang, trust, add, https://repo1.maven.org/maven2/io/quarkus/] in /var/folders/j8/sj85tl7d2pq_vnhbpj4t5lwm0000gn/T/junit13211042671926172745/cli_2.7.1.Final-platform_2.8.0.Final. Error=2, No such file or directory" type="org.zeroturnaround.exec.ProcessInitException">org.zeroturnaround.exec.ProcessInitException: Could not execute [./jbang, trust, add, https://repo1.maven.org/maven2/io/quarkus/] in /var/folders/j8/sj85tl7d2pq_vnhbpj4t5lwm0000gn/T/junit13211042671926172745/cli_2.7.1.Final-platform_2.8.0.Final. Error=2, No such file or directory
	at io.quarkus.devtools.compat.CliCompatTest.jbang(CliCompatTest.java:141)
	at io.quarkus.devtools.compat.CliCompatTest.testCLI(CliCompatTest.java:110)
	at io.quarkus.devtools.compat.CliCompatTest.lambda$generateTests$10(CliCompatTest.java:99)
Caused by: java.io.IOException: Cannot run program "./jbang" (in directory "/var/folders/j8/sj85tl7d2pq_vnhbpj4t5lwm0000gn/T/junit13211042671926172745/cli_2.7.1.Final-platform_2.8.0.Final"): error=2, No such file or directory
	at io.quarkus.devtools.compat.CliCompatTest.jbang(CliCompatTest.java:141)
	at io.quarkus.devtools.compat.CliCompatTest.testCLI(CliCompatTest.java:110)
	at io.quarkus.devtools.compat.CliCompatTest.lambda$generateTests$10(CliCompatTest.java:99)
Caused by: java.io.IOException: error=2, No such file or directory
	at io.quarkus.devtools.compat.CliCompatTest.jbang(CliCompatTest.java:141)
	at io.quarkus.devtools.compat.CliCompatTest.testCLI(CliCompatTest.java:110)
	at io.quarkus.devtools.compat.CliCompatTest.lambda$generateTests$10(CliCompatTest.java:99)
</error>
    <system-out><![CDATA[run: ./jbang trust add https://repo1.maven.org/maven2/io/quarkus/
]]></system-out>
  </testcase>
  <testcase name="testCli{Path}[18]" classname="io.quarkus.devtools.compat.CliCompatTest" time="0.004">
    <error message="Could not execute [./jbang, trust, add, https://repo1.maven.org/maven2/io/quarkus/] in /var/folders/j8/sj85tl7d2pq_vnhbpj4t5lwm0000gn/T/junit13211042671926172745/cli_2.7.0.Final-platform_2.8.0.Final. Error=2, No such file or directory" type="org.zeroturnaround.exec.ProcessInitException">org.zeroturnaround.exec.ProcessInitException: Could not execute [./jbang, trust, add, https://repo1.maven.org/maven2/io/quarkus/] in /var/folders/j8/sj85tl7d2pq_vnhbpj4t5lwm0000gn/T/junit13211042671926172745/cli_2.7.0.Final-platform_2.8.0.Final. Error=2, No such file or directory
	at io.quarkus.devtools.compat.CliCompatTest.jbang(CliCompatTest.java:141)
	at io.quarkus.devtools.compat.CliCompatTest.testCLI(CliCompatTest.java:110)
	at io.quarkus.devtools.compat.CliCompatTest.lambda$generateTests$10(CliCompatTest.java:99)
Caused by: java.io.IOException: Cannot run program "./jbang" (in directory "/var/folders/j8/sj85tl7d2pq_vnhbpj4t5lwm0000gn/T/junit13211042671926172745/cli_2.7.0.Final-platform_2.8.0.Final"): error=2, No such file or directory
	at io.quarkus.devtools.compat.CliCompatTest.jbang(CliCompatTest.java:141)
	at io.quarkus.devtools.compat.CliCompatTest.testCLI(CliCompatTest.java:110)
	at io.quarkus.devtools.compat.CliCompatTest.lambda$generateTests$10(CliCompatTest.java:99)
Caused by: java.io.IOException: error=2, No such file or directory
	at io.quarkus.devtools.compat.CliCompatTest.jbang(CliCompatTest.java:141)
	at io.quarkus.devtools.compat.CliCompatTest.testCLI(CliCompatTest.java:110)
	at io.quarkus.devtools.compat.CliCompatTest.lambda$generateTests$10(CliCompatTest.java:99)
</error>
    <system-out><![CDATA[run: ./jbang trust add https://repo1.maven.org/maven2/io/quarkus/
]]></system-out>
  </testcase>
  <testcase name="testCli{Path}[19]" classname="io.quarkus.devtools.compat.CliCompatTest" time="0.004">
    <error message="Could not execute [./jbang, trust, add, https://repo1.maven.org/maven2/io/quarkus/] in /var/folders/j8/sj85tl7d2pq_vnhbpj4t5lwm0000gn/T/junit13211042671926172745/cli_2.6.3.Final-platform_2.8.0.Final. Error=2, No such file or directory" type="org.zeroturnaround.exec.ProcessInitException">org.zeroturnaround.exec.ProcessInitException: Could not execute [./jbang, trust, add, https://repo1.maven.org/maven2/io/quarkus/] in /var/folders/j8/sj85tl7d2pq_vnhbpj4t5lwm0000gn/T/junit13211042671926172745/cli_2.6.3.Final-platform_2.8.0.Final. Error=2, No such file or directory
	at io.quarkus.devtools.compat.CliCompatTest.jbang(CliCompatTest.java:141)
	at io.quarkus.devtools.compat.CliCompatTest.testCLI(CliCompatTest.java:110)
	at io.quarkus.devtools.compat.CliCompatTest.lambda$generateTests$10(CliCompatTest.java:99)
Caused by: java.io.IOException: Cannot run program "./jbang" (in directory "/var/folders/j8/sj85tl7d2pq_vnhbpj4t5lwm0000gn/T/junit13211042671926172745/cli_2.6.3.Final-platform_2.8.0.Final"): error=2, No such file or directory
	at io.quarkus.devtools.compat.CliCompatTest.jbang(CliCompatTest.java:141)
	at io.quarkus.devtools.compat.CliCompatTest.testCLI(CliCompatTest.java:110)
	at io.quarkus.devtools.compat.CliCompatTest.lambda$generateTests$10(CliCompatTest.java:99)
Caused by: java.io.IOException: error=2, No such file or directory
	at io.quarkus.devtools.compat.CliCompatTest.jbang(CliCompatTest.java:141)
	at io.quarkus.devtools.compat.CliCompatTest.testCLI(CliCompatTest.java:110)
	at io.quarkus.devtools.compat.CliCompatTest.lambda$generateTests$10(CliCompatTest.java:99)
</error>
    <system-out><![CDATA[run: ./jbang trust add https://repo1.maven.org/maven2/io/quarkus/
]]></system-out>
  </testcase>
  <testcase name="testCli{Path}[20]" classname="io.quarkus.devtools.compat.CliCompatTest" time="0.004">
    <error message="Could not execute [./jbang, trust, add, https://repo1.maven.org/maven2/io/quarkus/] in /var/folders/j8/sj85tl7d2pq_vnhbpj4t5lwm0000gn/T/junit13211042671926172745/cli_2.6.2.Final-platform_2.8.0.Final. Error=2, No such file or directory" type="org.zeroturnaround.exec.ProcessInitException">org.zeroturnaround.exec.ProcessInitException: Could not execute [./jbang, trust, add, https://repo1.maven.org/maven2/io/quarkus/] in /var/folders/j8/sj85tl7d2pq_vnhbpj4t5lwm0000gn/T/junit13211042671926172745/cli_2.6.2.Final-platform_2.8.0.Final. Error=2, No such file or directory
	at io.quarkus.devtools.compat.CliCompatTest.jbang(CliCompatTest.java:141)
	at io.quarkus.devtools.compat.CliCompatTest.testCLI(CliCompatTest.java:110)
	at io.quarkus.devtools.compat.CliCompatTest.lambda$generateTests$10(CliCompatTest.java:99)
Caused by: java.io.IOException: Cannot run program "./jbang" (in directory "/var/folders/j8/sj85tl7d2pq_vnhbpj4t5lwm0000gn/T/junit13211042671926172745/cli_2.6.2.Final-platform_2.8.0.Final"): error=2, No such file or directory
	at io.quarkus.devtools.compat.CliCompatTest.jbang(CliCompatTest.java:141)
	at io.quarkus.devtools.compat.CliCompatTest.testCLI(CliCompatTest.java:110)
	at io.quarkus.devtools.compat.CliCompatTest.lambda$generateTests$10(CliCompatTest.java:99)
Caused by: java.io.IOException: error=2, No such file or directory
	at io.quarkus.devtools.compat.CliCompatTest.jbang(CliCompatTest.java:141)
	at io.quarkus.devtools.compat.CliCompatTest.testCLI(CliCompatTest.java:110)
	at io.quarkus.devtools.compat.CliCompatTest.lambda$generateTests$10(CliCompatTest.java:99)
</error>
    <system-out><![CDATA[run: ./jbang trust add https://repo1.maven.org/maven2/io/quarkus/
]]></system-out>
  </testcase>
  <testcase name="testCli{Path}[21]" classname="io.quarkus.devtools.compat.CliCompatTest" time="0.004">
    <error message="Could not execute [./jbang, trust, add, https://repo1.maven.org/maven2/io/quarkus/] in /var/folders/j8/sj85tl7d2pq_vnhbpj4t5lwm0000gn/T/junit13211042671926172745/cli_2.8.1.Final-platform_2.7.5.Final. Error=2, No such file or directory" type="org.zeroturnaround.exec.ProcessInitException">org.zeroturnaround.exec.ProcessInitException: Could not execute [./jbang, trust, add, https://repo1.maven.org/maven2/io/quarkus/] in /var/folders/j8/sj85tl7d2pq_vnhbpj4t5lwm0000gn/T/junit13211042671926172745/cli_2.8.1.Final-platform_2.7.5.Final. Error=2, No such file or directory
	at io.quarkus.devtools.compat.CliCompatTest.jbang(CliCompatTest.java:141)
	at io.quarkus.devtools.compat.CliCompatTest.testCLI(CliCompatTest.java:110)
	at io.quarkus.devtools.compat.CliCompatTest.lambda$generateTests$10(CliCompatTest.java:99)
Caused by: java.io.IOException: Cannot run program "./jbang" (in directory "/var/folders/j8/sj85tl7d2pq_vnhbpj4t5lwm0000gn/T/junit13211042671926172745/cli_2.8.1.Final-platform_2.7.5.Final"): error=2, No such file or directory
	at io.quarkus.devtools.compat.CliCompatTest.jbang(CliCompatTest.java:141)
	at io.quarkus.devtools.compat.CliCompatTest.testCLI(CliCompatTest.java:110)
	at io.quarkus.devtools.compat.CliCompatTest.lambda$generateTests$10(CliCompatTest.java:99)
Caused by: java.io.IOException: error=2, No such file or directory
	at io.quarkus.devtools.compat.CliCompatTest.jbang(CliCompatTest.java:141)
	at io.quarkus.devtools.compat.CliCompatTest.testCLI(CliCompatTest.java:110)
	at io.quarkus.devtools.compat.CliCompatTest.lambda$generateTests$10(CliCompatTest.java:99)
</error>
    <system-out><![CDATA[run: ./jbang trust add https://repo1.maven.org/maven2/io/quarkus/
]]></system-out>
  </testcase>
  <testcase name="testCli{Path}[22]" classname="io.quarkus.devtools.compat.CliCompatTest" time="0.003">
    <error message="Could not execute [./jbang, trust, add, https://repo1.maven.org/maven2/io/quarkus/] in /var/folders/j8/sj85tl7d2pq_vnhbpj4t5lwm0000gn/T/junit13211042671926172745/cli_2.8.0.Final-platform_2.7.5.Final. Error=2, No such file or directory" type="org.zeroturnaround.exec.ProcessInitException">org.zeroturnaround.exec.ProcessInitException: Could not execute [./jbang, trust, add, https://repo1.maven.org/maven2/io/quarkus/] in /var/folders/j8/sj85tl7d2pq_vnhbpj4t5lwm0000gn/T/junit13211042671926172745/cli_2.8.0.Final-platform_2.7.5.Final. Error=2, No such file or directory
	at io.quarkus.devtools.compat.CliCompatTest.jbang(CliCompatTest.java:141)
	at io.quarkus.devtools.compat.CliCompatTest.testCLI(CliCompatTest.java:110)
	at io.quarkus.devtools.compat.CliCompatTest.lambda$generateTests$10(CliCompatTest.java:99)
Caused by: java.io.IOException: Cannot run program "./jbang" (in directory "/var/folders/j8/sj85tl7d2pq_vnhbpj4t5lwm0000gn/T/junit13211042671926172745/cli_2.8.0.Final-platform_2.7.5.Final"): error=2, No such file or directory
	at io.quarkus.devtools.compat.CliCompatTest.jbang(CliCompatTest.java:141)
	at io.quarkus.devtools.compat.CliCompatTest.testCLI(CliCompatTest.java:110)
	at io.quarkus.devtools.compat.CliCompatTest.lambda$generateTests$10(CliCompatTest.java:99)
Caused by: java.io.IOException: error=2, No such file or directory
	at io.quarkus.devtools.compat.CliCompatTest.jbang(CliCompatTest.java:141)
	at io.quarkus.devtools.compat.CliCompatTest.testCLI(CliCompatTest.java:110)
	at io.quarkus.devtools.compat.CliCompatTest.lambda$generateTests$10(CliCompatTest.java:99)
</error>
    <system-out><![CDATA[run: ./jbang trust add https://repo1.maven.org/maven2/io/quarkus/
]]></system-out>
  </testcase>
  <testcase name="testCli{Path}[23]" classname="io.quarkus.devtools.compat.CliCompatTest" time="0.003">
    <error message="Could not execute [./jbang, trust, add, https://repo1.maven.org/maven2/io/quarkus/] in /var/folders/j8/sj85tl7d2pq_vnhbpj4t5lwm0000gn/T/junit13211042671926172745/cli_2.7.5.Final-platform_2.7.5.Final. Error=2, No such file or directory" type="org.zeroturnaround.exec.ProcessInitException">org.zeroturnaround.exec.ProcessInitException: Could not execute [./jbang, trust, add, https://repo1.maven.org/maven2/io/quarkus/] in /var/folders/j8/sj85tl7d2pq_vnhbpj4t5lwm0000gn/T/junit13211042671926172745/cli_2.7.5.Final-platform_2.7.5.Final. Error=2, No such file or directory
	at io.quarkus.devtools.compat.CliCompatTest.jbang(CliCompatTest.java:141)
	at io.quarkus.devtools.compat.CliCompatTest.testCLI(CliCompatTest.java:110)
	at io.quarkus.devtools.compat.CliCompatTest.lambda$generateTests$10(CliCompatTest.java:99)
Caused by: java.io.IOException: Cannot run program "./jbang" (in directory "/var/folders/j8/sj85tl7d2pq_vnhbpj4t5lwm0000gn/T/junit13211042671926172745/cli_2.7.5.Final-platform_2.7.5.Final"): error=2, No such file or directory
	at io.quarkus.devtools.compat.CliCompatTest.jbang(CliCompatTest.java:141)
	at io.quarkus.devtools.compat.CliCompatTest.testCLI(CliCompatTest.java:110)
	at io.quarkus.devtools.compat.CliCompatTest.lambda$generateTests$10(CliCompatTest.java:99)
Caused by: java.io.IOException: error=2, No such file or directory
	at io.quarkus.devtools.compat.CliCompatTest.jbang(CliCompatTest.java:141)
	at io.quarkus.devtools.compat.CliCompatTest.testCLI(CliCompatTest.java:110)
	at io.quarkus.devtools.compat.CliCompatTest.lambda$generateTests$10(CliCompatTest.java:99)
</error>
    <system-out><![CDATA[run: ./jbang trust add https://repo1.maven.org/maven2/io/quarkus/
]]></system-out>
  </testcase>
  <testcase name="testCli{Path}[24]" classname="io.quarkus.devtools.compat.CliCompatTest" time="0.004">
    <error message="Could not execute [./jbang, trust, add, https://repo1.maven.org/maven2/io/quarkus/] in /var/folders/j8/sj85tl7d2pq_vnhbpj4t5lwm0000gn/T/junit13211042671926172745/cli_2.7.4.Final-platform_2.7.5.Final. Error=2, No such file or directory" type="org.zeroturnaround.exec.ProcessInitException">org.zeroturnaround.exec.ProcessInitException: Could not execute [./jbang, trust, add, https://repo1.maven.org/maven2/io/quarkus/] in /var/folders/j8/sj85tl7d2pq_vnhbpj4t5lwm0000gn/T/junit13211042671926172745/cli_2.7.4.Final-platform_2.7.5.Final. Error=2, No such file or directory
	at io.quarkus.devtools.compat.CliCompatTest.jbang(CliCompatTest.java:141)
	at io.quarkus.devtools.compat.CliCompatTest.testCLI(CliCompatTest.java:110)
	at io.quarkus.devtools.compat.CliCompatTest.lambda$generateTests$10(CliCompatTest.java:99)
Caused by: java.io.IOException: Cannot run program "./jbang" (in directory "/var/folders/j8/sj85tl7d2pq_vnhbpj4t5lwm0000gn/T/junit13211042671926172745/cli_2.7.4.Final-platform_2.7.5.Final"): error=2, No such file or directory
	at io.quarkus.devtools.compat.CliCompatTest.jbang(CliCompatTest.java:141)
	at io.quarkus.devtools.compat.CliCompatTest.testCLI(CliCompatTest.java:110)
	at io.quarkus.devtools.compat.CliCompatTest.lambda$generateTests$10(CliCompatTest.java:99)
Caused by: java.io.IOException: error=2, No such file or directory
	at io.quarkus.devtools.compat.CliCompatTest.jbang(CliCompatTest.java:141)
	at io.quarkus.devtools.compat.CliCompatTest.testCLI(CliCompatTest.java:110)
	at io.quarkus.devtools.compat.CliCompatTest.lambda$generateTests$10(CliCompatTest.java:99)
</error>
    <system-out><![CDATA[run: ./jbang trust add https://repo1.maven.org/maven2/io/quarkus/
]]></system-out>
  </testcase>
  <testcase name="testCli{Path}[25]" classname="io.quarkus.devtools.compat.CliCompatTest" time="0.004">
    <error message="Could not execute [./jbang, trust, add, https://repo1.maven.org/maven2/io/quarkus/] in /var/folders/j8/sj85tl7d2pq_vnhbpj4t5lwm0000gn/T/junit13211042671926172745/cli_2.7.3.Final-platform_2.7.5.Final. Error=2, No such file or directory" type="org.zeroturnaround.exec.ProcessInitException">org.zeroturnaround.exec.ProcessInitException: Could not execute [./jbang, trust, add, https://repo1.maven.org/maven2/io/quarkus/] in /var/folders/j8/sj85tl7d2pq_vnhbpj4t5lwm0000gn/T/junit13211042671926172745/cli_2.7.3.Final-platform_2.7.5.Final. Error=2, No such file or directory
	at io.quarkus.devtools.compat.CliCompatTest.jbang(CliCompatTest.java:141)
	at io.quarkus.devtools.compat.CliCompatTest.testCLI(CliCompatTest.java:110)
	at io.quarkus.devtools.compat.CliCompatTest.lambda$generateTests$10(CliCompatTest.java:99)
Caused by: java.io.IOException: Cannot run program "./jbang" (in directory "/var/folders/j8/sj85tl7d2pq_vnhbpj4t5lwm0000gn/T/junit13211042671926172745/cli_2.7.3.Final-platform_2.7.5.Final"): error=2, No such file or directory
	at io.quarkus.devtools.compat.CliCompatTest.jbang(CliCompatTest.java:141)
	at io.quarkus.devtools.compat.CliCompatTest.testCLI(CliCompatTest.java:110)
	at io.quarkus.devtools.compat.CliCompatTest.lambda$generateTests$10(CliCompatTest.java:99)
Caused by: java.io.IOException: error=2, No such file or directory
	at io.quarkus.devtools.compat.CliCompatTest.jbang(CliCompatTest.java:141)
	at io.quarkus.devtools.compat.CliCompatTest.testCLI(CliCompatTest.java:110)
	at io.quarkus.devtools.compat.CliCompatTest.lambda$generateTests$10(CliCompatTest.java:99)
</error>
    <system-out><![CDATA[run: ./jbang trust add https://repo1.maven.org/maven2/io/quarkus/
]]></system-out>
  </testcase>
  <testcase name="testCli{Path}[26]" classname="io.quarkus.devtools.compat.CliCompatTest" time="0.004">
    <error message="Could not execute [./jbang, trust, add, https://repo1.maven.org/maven2/io/quarkus/] in /var/folders/j8/sj85tl7d2pq_vnhbpj4t5lwm0000gn/T/junit13211042671926172745/cli_2.7.2.Final-platform_2.7.5.Final. Error=2, No such file or directory" type="org.zeroturnaround.exec.ProcessInitException">org.zeroturnaround.exec.ProcessInitException: Could not execute [./jbang, trust, add, https://repo1.maven.org/maven2/io/quarkus/] in /var/folders/j8/sj85tl7d2pq_vnhbpj4t5lwm0000gn/T/junit13211042671926172745/cli_2.7.2.Final-platform_2.7.5.Final. Error=2, No such file or directory
	at io.quarkus.devtools.compat.CliCompatTest.jbang(CliCompatTest.java:141)
	at io.quarkus.devtools.compat.CliCompatTest.testCLI(CliCompatTest.java:110)
	at io.quarkus.devtools.compat.CliCompatTest.lambda$generateTests$10(CliCompatTest.java:99)
Caused by: java.io.IOException: Cannot run program "./jbang" (in directory "/var/folders/j8/sj85tl7d2pq_vnhbpj4t5lwm0000gn/T/junit13211042671926172745/cli_2.7.2.Final-platform_2.7.5.Final"): error=2, No such file or directory
	at io.quarkus.devtools.compat.CliCompatTest.jbang(CliCompatTest.java:141)
	at io.quarkus.devtools.compat.CliCompatTest.testCLI(CliCompatTest.java:110)
	at io.quarkus.devtools.compat.CliCompatTest.lambda$generateTests$10(CliCompatTest.java:99)
Caused by: java.io.IOException: error=2, No such file or directory
	at io.quarkus.devtools.compat.CliCompatTest.jbang(CliCompatTest.java:141)
	at io.quarkus.devtools.compat.CliCompatTest.testCLI(CliCompatTest.java:110)
	at io.quarkus.devtools.compat.CliCompatTest.lambda$generateTests$10(CliCompatTest.java:99)
</error>
    <system-out><![CDATA[run: ./jbang trust add https://repo1.maven.org/maven2/io/quarkus/
]]></system-out>
  </testcase>
  <testcase name="testCli{Path}[27]" classname="io.quarkus.devtools.compat.CliCompatTest" time="0.003">
    <error message="Could not execute [./jbang, trust, add, https://repo1.maven.org/maven2/io/quarkus/] in /var/folders/j8/sj85tl7d2pq_vnhbpj4t5lwm0000gn/T/junit13211042671926172745/cli_2.7.1.Final-platform_2.7.5.Final. Error=2, No such file or directory" type="org.zeroturnaround.exec.ProcessInitException">org.zeroturnaround.exec.ProcessInitException: Could not execute [./jbang, trust, add, https://repo1.maven.org/maven2/io/quarkus/] in /var/folders/j8/sj85tl7d2pq_vnhbpj4t5lwm0000gn/T/junit13211042671926172745/cli_2.7.1.Final-platform_2.7.5.Final. Error=2, No such file or directory
	at io.quarkus.devtools.compat.CliCompatTest.jbang(CliCompatTest.java:141)
	at io.quarkus.devtools.compat.CliCompatTest.testCLI(CliCompatTest.java:110)
	at io.quarkus.devtools.compat.CliCompatTest.lambda$generateTests$10(CliCompatTest.java:99)
Caused by: java.io.IOException: Cannot run program "./jbang" (in directory "/var/folders/j8/sj85tl7d2pq_vnhbpj4t5lwm0000gn/T/junit13211042671926172745/cli_2.7.1.Final-platform_2.7.5.Final"): error=2, No such file or directory
	at io.quarkus.devtools.compat.CliCompatTest.jbang(CliCompatTest.java:141)
	at io.quarkus.devtools.compat.CliCompatTest.testCLI(CliCompatTest.java:110)
	at io.quarkus.devtools.compat.CliCompatTest.lambda$generateTests$10(CliCompatTest.java:99)
Caused by: java.io.IOException: error=2, No such file or directory
	at io.quarkus.devtools.compat.CliCompatTest.jbang(CliCompatTest.java:141)
	at io.quarkus.devtools.compat.CliCompatTest.testCLI(CliCompatTest.java:110)
	at io.quarkus.devtools.compat.CliCompatTest.lambda$generateTests$10(CliCompatTest.java:99)
</error>
    <system-out><![CDATA[run: ./jbang trust add https://repo1.maven.org/maven2/io/quarkus/
]]></system-out>
  </testcase>
  <testcase name="testCli{Path}[28]" classname="io.quarkus.devtools.compat.CliCompatTest" time="0.003">
    <error message="Could not execute [./jbang, trust, add, https://repo1.maven.org/maven2/io/quarkus/] in /var/folders/j8/sj85tl7d2pq_vnhbpj4t5lwm0000gn/T/junit13211042671926172745/cli_2.7.0.Final-platform_2.7.5.Final. Error=2, No such file or directory" type="org.zeroturnaround.exec.ProcessInitException">org.zeroturnaround.exec.ProcessInitException: Could not execute [./jbang, trust, add, https://repo1.maven.org/maven2/io/quarkus/] in /var/folders/j8/sj85tl7d2pq_vnhbpj4t5lwm0000gn/T/junit13211042671926172745/cli_2.7.0.Final-platform_2.7.5.Final. Error=2, No such file or directory
	at io.quarkus.devtools.compat.CliCompatTest.jbang(CliCompatTest.java:141)
	at io.quarkus.devtools.compat.CliCompatTest.testCLI(CliCompatTest.java:110)
	at io.quarkus.devtools.compat.CliCompatTest.lambda$generateTests$10(CliCompatTest.java:99)
Caused by: java.io.IOException: Cannot run program "./jbang" (in directory "/var/folders/j8/sj85tl7d2pq_vnhbpj4t5lwm0000gn/T/junit13211042671926172745/cli_2.7.0.Final-platform_2.7.5.Final"): error=2, No such file or directory
	at io.quarkus.devtools.compat.CliCompatTest.jbang(CliCompatTest.java:141)
	at io.quarkus.devtools.compat.CliCompatTest.testCLI(CliCompatTest.java:110)
	at io.quarkus.devtools.compat.CliCompatTest.lambda$generateTests$10(CliCompatTest.java:99)
Caused by: java.io.IOException: error=2, No such file or directory
	at io.quarkus.devtools.compat.CliCompatTest.jbang(CliCompatTest.java:141)
	at io.quarkus.devtools.compat.CliCompatTest.testCLI(CliCompatTest.java:110)
	at io.quarkus.devtools.compat.CliCompatTest.lambda$generateTests$10(CliCompatTest.java:99)
</error>
    <system-out><![CDATA[run: ./jbang trust add https://repo1.maven.org/maven2/io/quarkus/
]]></system-out>
  </testcase>
  <testcase name="testCli{Path}[29]" classname="io.quarkus.devtools.compat.CliCompatTest" time="0.003">
    <error message="Could not execute [./jbang, trust, add, https://repo1.maven.org/maven2/io/quarkus/] in /var/folders/j8/sj85tl7d2pq_vnhbpj4t5lwm0000gn/T/junit13211042671926172745/cli_2.6.3.Final-platform_2.7.5.Final. Error=2, No such file or directory" type="org.zeroturnaround.exec.ProcessInitException">org.zeroturnaround.exec.ProcessInitException: Could not execute [./jbang, trust, add, https://repo1.maven.org/maven2/io/quarkus/] in /var/folders/j8/sj85tl7d2pq_vnhbpj4t5lwm0000gn/T/junit13211042671926172745/cli_2.6.3.Final-platform_2.7.5.Final. Error=2, No such file or directory
	at io.quarkus.devtools.compat.CliCompatTest.jbang(CliCompatTest.java:141)
	at io.quarkus.devtools.compat.CliCompatTest.testCLI(CliCompatTest.java:110)
	at io.quarkus.devtools.compat.CliCompatTest.lambda$generateTests$10(CliCompatTest.java:99)
Caused by: java.io.IOException: Cannot run program "./jbang" (in directory "/var/folders/j8/sj85tl7d2pq_vnhbpj4t5lwm0000gn/T/junit13211042671926172745/cli_2.6.3.Final-platform_2.7.5.Final"): error=2, No such file or directory
	at io.quarkus.devtools.compat.CliCompatTest.jbang(CliCompatTest.java:141)
	at io.quarkus.devtools.compat.CliCompatTest.testCLI(CliCompatTest.java:110)
	at io.quarkus.devtools.compat.CliCompatTest.lambda$generateTests$10(CliCompatTest.java:99)
Caused by: java.io.IOException: error=2, No such file or directory
	at io.quarkus.devtools.compat.CliCompatTest.jbang(CliCompatTest.java:141)
	at io.quarkus.devtools.compat.CliCompatTest.testCLI(CliCompatTest.java:110)
	at io.quarkus.devtools.compat.CliCompatTest.lambda$generateTests$10(CliCompatTest.java:99)
</error>
    <system-out><![CDATA[run: ./jbang trust add https://repo1.maven.org/maven2/io/quarkus/
]]></system-out>
  </testcase>
  <testcase name="testCli{Path}[30]" classname="io.quarkus.devtools.compat.CliCompatTest" time="0.004">
    <error message="Could not execute [./jbang, trust, add, https://repo1.maven.org/maven2/io/quarkus/] in /var/folders/j8/sj85tl7d2pq_vnhbpj4t5lwm0000gn/T/junit13211042671926172745/cli_2.6.2.Final-platform_2.7.5.Final. Error=2, No such file or directory" type="org.zeroturnaround.exec.ProcessInitException">org.zeroturnaround.exec.ProcessInitException: Could not execute [./jbang, trust, add, https://repo1.maven.org/maven2/io/quarkus/] in /var/folders/j8/sj85tl7d2pq_vnhbpj4t5lwm0000gn/T/junit13211042671926172745/cli_2.6.2.Final-platform_2.7.5.Final. Error=2, No such file or directory
	at io.quarkus.devtools.compat.CliCompatTest.jbang(CliCompatTest.java:141)
	at io.quarkus.devtools.compat.CliCompatTest.testCLI(CliCompatTest.java:110)
	at io.quarkus.devtools.compat.CliCompatTest.lambda$generateTests$10(CliCompatTest.java:99)
Caused by: java.io.IOException: Cannot run program "./jbang" (in directory "/var/folders/j8/sj85tl7d2pq_vnhbpj4t5lwm0000gn/T/junit13211042671926172745/cli_2.6.2.Final-platform_2.7.5.Final"): error=2, No such file or directory
	at io.quarkus.devtools.compat.CliCompatTest.jbang(CliCompatTest.java:141)
	at io.quarkus.devtools.compat.CliCompatTest.testCLI(CliCompatTest.java:110)
	at io.quarkus.devtools.compat.CliCompatTest.lambda$generateTests$10(CliCompatTest.java:99)
Caused by: java.io.IOException: error=2, No such file or directory
	at io.quarkus.devtools.compat.CliCompatTest.jbang(CliCompatTest.java:141)
	at io.quarkus.devtools.compat.CliCompatTest.testCLI(CliCompatTest.java:110)
	at io.quarkus.devtools.compat.CliCompatTest.lambda$generateTests$10(CliCompatTest.java:99)
</error>
    <system-out><![CDATA[run: ./jbang trust add https://repo1.maven.org/maven2/io/quarkus/
]]></system-out>
  </testcase>
  <testcase name="testCli{Path}[31]" classname="io.quarkus.devtools.compat.CliCompatTest" time="0.004">
    <error message="Could not execute [./jbang, trust, add, https://repo1.maven.org/maven2/io/quarkus/] in /var/folders/j8/sj85tl7d2pq_vnhbpj4t5lwm0000gn/T/junit13211042671926172745/cli_2.8.1.Final-platform_2.7.4.Final. Error=2, No such file or directory" type="org.zeroturnaround.exec.ProcessInitException">org.zeroturnaround.exec.ProcessInitException: Could not execute [./jbang, trust, add, https://repo1.maven.org/maven2/io/quarkus/] in /var/folders/j8/sj85tl7d2pq_vnhbpj4t5lwm0000gn/T/junit13211042671926172745/cli_2.8.1.Final-platform_2.7.4.Final. Error=2, No such file or directory
	at io.quarkus.devtools.compat.CliCompatTest.jbang(CliCompatTest.java:141)
	at io.quarkus.devtools.compat.CliCompatTest.testCLI(CliCompatTest.java:110)
	at io.quarkus.devtools.compat.CliCompatTest.lambda$generateTests$10(CliCompatTest.java:99)
Caused by: java.io.IOException: Cannot run program "./jbang" (in directory "/var/folders/j8/sj85tl7d2pq_vnhbpj4t5lwm0000gn/T/junit13211042671926172745/cli_2.8.1.Final-platform_2.7.4.Final"): error=2, No such file or directory
	at io.quarkus.devtools.compat.CliCompatTest.jbang(CliCompatTest.java:141)
	at io.quarkus.devtools.compat.CliCompatTest.testCLI(CliCompatTest.java:110)
	at io.quarkus.devtools.compat.CliCompatTest.lambda$generateTests$10(CliCompatTest.java:99)
Caused by: java.io.IOException: error=2, No such file or directory
	at io.quarkus.devtools.compat.CliCompatTest.jbang(CliCompatTest.java:141)
	at io.quarkus.devtools.compat.CliCompatTest.testCLI(CliCompatTest.java:110)
	at io.quarkus.devtools.compat.CliCompatTest.lambda$generateTests$10(CliCompatTest.java:99)
</error>
    <system-out><![CDATA[run: ./jbang trust add https://repo1.maven.org/maven2/io/quarkus/
]]></system-out>
  </testcase>
  <testcase name="testCli{Path}[32]" classname="io.quarkus.devtools.compat.CliCompatTest" time="0.003">
    <error message="Could not execute [./jbang, trust, add, https://repo1.maven.org/maven2/io/quarkus/] in /var/folders/j8/sj85tl7d2pq_vnhbpj4t5lwm0000gn/T/junit13211042671926172745/cli_2.8.0.Final-platform_2.7.4.Final. Error=2, No such file or directory" type="org.zeroturnaround.exec.ProcessInitException">org.zeroturnaround.exec.ProcessInitException: Could not execute [./jbang, trust, add, https://repo1.maven.org/maven2/io/quarkus/] in /var/folders/j8/sj85tl7d2pq_vnhbpj4t5lwm0000gn/T/junit13211042671926172745/cli_2.8.0.Final-platform_2.7.4.Final. Error=2, No such file or directory
	at io.quarkus.devtools.compat.CliCompatTest.jbang(CliCompatTest.java:141)
	at io.quarkus.devtools.compat.CliCompatTest.testCLI(CliCompatTest.java:110)
	at io.quarkus.devtools.compat.CliCompatTest.lambda$generateTests$10(CliCompatTest.java:99)
Caused by: java.io.IOException: Cannot run program "./jbang" (in directory "/var/folders/j8/sj85tl7d2pq_vnhbpj4t5lwm0000gn/T/junit13211042671926172745/cli_2.8.0.Final-platform_2.7.4.Final"): error=2, No such file or directory
	at io.quarkus.devtools.compat.CliCompatTest.jbang(CliCompatTest.java:141)
	at io.quarkus.devtools.compat.CliCompatTest.testCLI(CliCompatTest.java:110)
	at io.quarkus.devtools.compat.CliCompatTest.lambda$generateTests$10(CliCompatTest.java:99)
Caused by: java.io.IOException: error=2, No such file or directory
	at io.quarkus.devtools.compat.CliCompatTest.jbang(CliCompatTest.java:141)
	at io.quarkus.devtools.compat.CliCompatTest.testCLI(CliCompatTest.java:110)
	at io.quarkus.devtools.compat.CliCompatTest.lambda$generateTests$10(CliCompatTest.java:99)
</error>
    <system-out><![CDATA[run: ./jbang trust add https://repo1.maven.org/maven2/io/quarkus/
]]></system-out>
  </testcase>
  <testcase name="testCli{Path}[33]" classname="io.quarkus.devtools.compat.CliCompatTest" time="0.004">
    <error message="Could not execute [./jbang, trust, add, https://repo1.maven.org/maven2/io/quarkus/] in /var/folders/j8/sj85tl7d2pq_vnhbpj4t5lwm0000gn/T/junit13211042671926172745/cli_2.7.5.Final-platform_2.7.4.Final. Error=2, No such file or directory" type="org.zeroturnaround.exec.ProcessInitException">org.zeroturnaround.exec.ProcessInitException: Could not execute [./jbang, trust, add, https://repo1.maven.org/maven2/io/quarkus/] in /var/folders/j8/sj85tl7d2pq_vnhbpj4t5lwm0000gn/T/junit13211042671926172745/cli_2.7.5.Final-platform_2.7.4.Final. Error=2, No such file or directory
	at io.quarkus.devtools.compat.CliCompatTest.jbang(CliCompatTest.java:141)
	at io.quarkus.devtools.compat.CliCompatTest.testCLI(CliCompatTest.java:110)
	at io.quarkus.devtools.compat.CliCompatTest.lambda$generateTests$10(CliCompatTest.java:99)
Caused by: java.io.IOException: Cannot run program "./jbang" (in directory "/var/folders/j8/sj85tl7d2pq_vnhbpj4t5lwm0000gn/T/junit13211042671926172745/cli_2.7.5.Final-platform_2.7.4.Final"): error=2, No such file or directory
	at io.quarkus.devtools.compat.CliCompatTest.jbang(CliCompatTest.java:141)
	at io.quarkus.devtools.compat.CliCompatTest.testCLI(CliCompatTest.java:110)
	at io.quarkus.devtools.compat.CliCompatTest.lambda$generateTests$10(CliCompatTest.java:99)
Caused by: java.io.IOException: error=2, No such file or directory
	at io.quarkus.devtools.compat.CliCompatTest.jbang(CliCompatTest.java:141)
	at io.quarkus.devtools.compat.CliCompatTest.testCLI(CliCompatTest.java:110)
	at io.quarkus.devtools.compat.CliCompatTest.lambda$generateTests$10(CliCompatTest.java:99)
</error>
    <system-out><![CDATA[run: ./jbang trust add https://repo1.maven.org/maven2/io/quarkus/
]]></system-out>
  </testcase>
  <testcase name="testCli{Path}[34]" classname="io.quarkus.devtools.compat.CliCompatTest" time="0.004">
    <error message="Could not execute [./jbang, trust, add, https://repo1.maven.org/maven2/io/quarkus/] in /var/folders/j8/sj85tl7d2pq_vnhbpj4t5lwm0000gn/T/junit13211042671926172745/cli_2.7.4.Final-platform_2.7.4.Final. Error=2, No such file or directory" type="org.zeroturnaround.exec.ProcessInitException">org.zeroturnaround.exec.ProcessInitException: Could not execute [./jbang, trust, add, https://repo1.maven.org/maven2/io/quarkus/] in /var/folders/j8/sj85tl7d2pq_vnhbpj4t5lwm0000gn/T/junit13211042671926172745/cli_2.7.4.Final-platform_2.7.4.Final. Error=2, No such file or directory
	at io.quarkus.devtools.compat.CliCompatTest.jbang(CliCompatTest.java:141)
	at io.quarkus.devtools.compat.CliCompatTest.testCLI(CliCompatTest.java:110)
	at io.quarkus.devtools.compat.CliCompatTest.lambda$generateTests$10(CliCompatTest.java:99)
Caused by: java.io.IOException: Cannot run program "./jbang" (in directory "/var/folders/j8/sj85tl7d2pq_vnhbpj4t5lwm0000gn/T/junit13211042671926172745/cli_2.7.4.Final-platform_2.7.4.Final"): error=2, No such file or directory
	at io.quarkus.devtools.compat.CliCompatTest.jbang(CliCompatTest.java:141)
	at io.quarkus.devtools.compat.CliCompatTest.testCLI(CliCompatTest.java:110)
	at io.quarkus.devtools.compat.CliCompatTest.lambda$generateTests$10(CliCompatTest.java:99)
Caused by: java.io.IOException: error=2, No such file or directory
	at io.quarkus.devtools.compat.CliCompatTest.jbang(CliCompatTest.java:141)
	at io.quarkus.devtools.compat.CliCompatTest.testCLI(CliCompatTest.java:110)
	at io.quarkus.devtools.compat.CliCompatTest.lambda$generateTests$10(CliCompatTest.java:99)
</error>
    <system-out><![CDATA[run: ./jbang trust add https://repo1.maven.org/maven2/io/quarkus/
]]></system-out>
  </testcase>
  <testcase name="testCli{Path}[35]" classname="io.quarkus.devtools.compat.CliCompatTest" time="0.003">
    <error message="Could not execute [./jbang, trust, add, https://repo1.maven.org/maven2/io/quarkus/] in /var/folders/j8/sj85tl7d2pq_vnhbpj4t5lwm0000gn/T/junit13211042671926172745/cli_2.7.3.Final-platform_2.7.4.Final. Error=2, No such file or directory" type="org.zeroturnaround.exec.ProcessInitException">org.zeroturnaround.exec.ProcessInitException: Could not execute [./jbang, trust, add, https://repo1.maven.org/maven2/io/quarkus/] in /var/folders/j8/sj85tl7d2pq_vnhbpj4t5lwm0000gn/T/junit13211042671926172745/cli_2.7.3.Final-platform_2.7.4.Final. Error=2, No such file or directory
	at io.quarkus.devtools.compat.CliCompatTest.jbang(CliCompatTest.java:141)
	at io.quarkus.devtools.compat.CliCompatTest.testCLI(CliCompatTest.java:110)
	at io.quarkus.devtools.compat.CliCompatTest.lambda$generateTests$10(CliCompatTest.java:99)
Caused by: java.io.IOException: Cannot run program "./jbang" (in directory "/var/folders/j8/sj85tl7d2pq_vnhbpj4t5lwm0000gn/T/junit13211042671926172745/cli_2.7.3.Final-platform_2.7.4.Final"): error=2, No such file or directory
	at io.quarkus.devtools.compat.CliCompatTest.jbang(CliCompatTest.java:141)
	at io.quarkus.devtools.compat.CliCompatTest.testCLI(CliCompatTest.java:110)
	at io.quarkus.devtools.compat.CliCompatTest.lambda$generateTests$10(CliCompatTest.java:99)
Caused by: java.io.IOException: error=2, No such file or directory
	at io.quarkus.devtools.compat.CliCompatTest.jbang(CliCompatTest.java:141)
	at io.quarkus.devtools.compat.CliCompatTest.testCLI(CliCompatTest.java:110)
	at io.quarkus.devtools.compat.CliCompatTest.lambda$generateTests$10(CliCompatTest.java:99)
</error>
    <system-out><![CDATA[run: ./jbang trust add https://repo1.maven.org/maven2/io/quarkus/
]]></system-out>
  </testcase>
  <testcase name="testCli{Path}[36]" classname="io.quarkus.devtools.compat.CliCompatTest" time="0.004">
    <error message="Could not execute [./jbang, trust, add, https://repo1.maven.org/maven2/io/quarkus/] in /var/folders/j8/sj85tl7d2pq_vnhbpj4t5lwm0000gn/T/junit13211042671926172745/cli_2.7.2.Final-platform_2.7.4.Final. Error=2, No such file or directory" type="org.zeroturnaround.exec.ProcessInitException">org.zeroturnaround.exec.ProcessInitException: Could not execute [./jbang, trust, add, https://repo1.maven.org/maven2/io/quarkus/] in /var/folders/j8/sj85tl7d2pq_vnhbpj4t5lwm0000gn/T/junit13211042671926172745/cli_2.7.2.Final-platform_2.7.4.Final. Error=2, No such file or directory
	at io.quarkus.devtools.compat.CliCompatTest.jbang(CliCompatTest.java:141)
	at io.quarkus.devtools.compat.CliCompatTest.testCLI(CliCompatTest.java:110)
	at io.quarkus.devtools.compat.CliCompatTest.lambda$generateTests$10(CliCompatTest.java:99)
Caused by: java.io.IOException: Cannot run program "./jbang" (in directory "/var/folders/j8/sj85tl7d2pq_vnhbpj4t5lwm0000gn/T/junit13211042671926172745/cli_2.7.2.Final-platform_2.7.4.Final"): error=2, No such file or directory
	at io.quarkus.devtools.compat.CliCompatTest.jbang(CliCompatTest.java:141)
	at io.quarkus.devtools.compat.CliCompatTest.testCLI(CliCompatTest.java:110)
	at io.quarkus.devtools.compat.CliCompatTest.lambda$generateTests$10(CliCompatTest.java:99)
Caused by: java.io.IOException: error=2, No such file or directory
	at io.quarkus.devtools.compat.CliCompatTest.jbang(CliCompatTest.java:141)
	at io.quarkus.devtools.compat.CliCompatTest.testCLI(CliCompatTest.java:110)
	at io.quarkus.devtools.compat.CliCompatTest.lambda$generateTests$10(CliCompatTest.java:99)
</error>
    <system-out><![CDATA[run: ./jbang trust add https://repo1.maven.org/maven2/io/quarkus/
]]></system-out>
  </testcase>
  <testcase name="testCli{Path}[37]" classname="io.quarkus.devtools.compat.CliCompatTest" time="0.004">
    <error message="Could not execute [./jbang, trust, add, https://repo1.maven.org/maven2/io/quarkus/] in /var/folders/j8/sj85tl7d2pq_vnhbpj4t5lwm0000gn/T/junit13211042671926172745/cli_2.7.1.Final-platform_2.7.4.Final. Error=2, No such file or directory" type="org.zeroturnaround.exec.ProcessInitException">org.zeroturnaround.exec.ProcessInitException: Could not execute [./jbang, trust, add, https://repo1.maven.org/maven2/io/quarkus/] in /var/folders/j8/sj85tl7d2pq_vnhbpj4t5lwm0000gn/T/junit13211042671926172745/cli_2.7.1.Final-platform_2.7.4.Final. Error=2, No such file or directory
	at io.quarkus.devtools.compat.CliCompatTest.jbang(CliCompatTest.java:141)
	at io.quarkus.devtools.compat.CliCompatTest.testCLI(CliCompatTest.java:110)
	at io.quarkus.devtools.compat.CliCompatTest.lambda$generateTests$10(CliCompatTest.java:99)
Caused by: java.io.IOException: Cannot run program "./jbang" (in directory "/var/folders/j8/sj85tl7d2pq_vnhbpj4t5lwm0000gn/T/junit13211042671926172745/cli_2.7.1.Final-platform_2.7.4.Final"): error=2, No such file or directory
	at io.quarkus.devtools.compat.CliCompatTest.jbang(CliCompatTest.java:141)
	at io.quarkus.devtools.compat.CliCompatTest.testCLI(CliCompatTest.java:110)
	at io.quarkus.devtools.compat.CliCompatTest.lambda$generateTests$10(CliCompatTest.java:99)
Caused by: java.io.IOException: error=2, No such file or directory
	at io.quarkus.devtools.compat.CliCompatTest.jbang(CliCompatTest.java:141)
	at io.quarkus.devtools.compat.CliCompatTest.testCLI(CliCompatTest.java:110)
	at io.quarkus.devtools.compat.CliCompatTest.lambda$generateTests$10(CliCompatTest.java:99)
</error>
    <system-out><![CDATA[run: ./jbang trust add https://repo1.maven.org/maven2/io/quarkus/
]]></system-out>
  </testcase>
  <testcase name="testCli{Path}[38]" classname="io.quarkus.devtools.compat.CliCompatTest" time="0.004">
    <error message="Could not execute [./jbang, trust, add, https://repo1.maven.org/maven2/io/quarkus/] in /var/folders/j8/sj85tl7d2pq_vnhbpj4t5lwm0000gn/T/junit13211042671926172745/cli_2.7.0.Final-platform_2.7.4.Final. Error=2, No such file or directory" type="org.zeroturnaround.exec.ProcessInitException">org.zeroturnaround.exec.ProcessInitException: Could not execute [./jbang, trust, add, https://repo1.maven.org/maven2/io/quarkus/] in /var/folders/j8/sj85tl7d2pq_vnhbpj4t5lwm0000gn/T/junit13211042671926172745/cli_2.7.0.Final-platform_2.7.4.Final. Error=2, No such file or directory
	at io.quarkus.devtools.compat.CliCompatTest.jbang(CliCompatTest.java:141)
	at io.quarkus.devtools.compat.CliCompatTest.testCLI(CliCompatTest.java:110)
	at io.quarkus.devtools.compat.CliCompatTest.lambda$generateTests$10(CliCompatTest.java:99)
Caused by: java.io.IOException: Cannot run program "./jbang" (in directory "/var/folders/j8/sj85tl7d2pq_vnhbpj4t5lwm0000gn/T/junit13211042671926172745/cli_2.7.0.Final-platform_2.7.4.Final"): error=2, No such file or directory
	at io.quarkus.devtools.compat.CliCompatTest.jbang(CliCompatTest.java:141)
	at io.quarkus.devtools.compat.CliCompatTest.testCLI(CliCompatTest.java:110)
	at io.quarkus.devtools.compat.CliCompatTest.lambda$generateTests$10(CliCompatTest.java:99)
Caused by: java.io.IOException: error=2, No such file or directory
	at io.quarkus.devtools.compat.CliCompatTest.jbang(CliCompatTest.java:141)
	at io.quarkus.devtools.compat.CliCompatTest.testCLI(CliCompatTest.java:110)
	at io.quarkus.devtools.compat.CliCompatTest.lambda$generateTests$10(CliCompatTest.java:99)
</error>
    <system-out><![CDATA[run: ./jbang trust add https://repo1.maven.org/maven2/io/quarkus/
]]></system-out>
  </testcase>
  <testcase name="testCli{Path}[39]" classname="io.quarkus.devtools.compat.CliCompatTest" time="0.004">
    <error message="Could not execute [./jbang, trust, add, https://repo1.maven.org/maven2/io/quarkus/] in /var/folders/j8/sj85tl7d2pq_vnhbpj4t5lwm0000gn/T/junit13211042671926172745/cli_2.6.3.Final-platform_2.7.4.Final. Error=2, No such file or directory" type="org.zeroturnaround.exec.ProcessInitException">org.zeroturnaround.exec.ProcessInitException: Could not execute [./jbang, trust, add, https://repo1.maven.org/maven2/io/quarkus/] in /var/folders/j8/sj85tl7d2pq_vnhbpj4t5lwm0000gn/T/junit13211042671926172745/cli_2.6.3.Final-platform_2.7.4.Final. Error=2, No such file or directory
	at io.quarkus.devtools.compat.CliCompatTest.jbang(CliCompatTest.java:141)
	at io.quarkus.devtools.compat.CliCompatTest.testCLI(CliCompatTest.java:110)
	at io.quarkus.devtools.compat.CliCompatTest.lambda$generateTests$10(CliCompatTest.java:99)
Caused by: java.io.IOException: Cannot run program "./jbang" (in directory "/var/folders/j8/sj85tl7d2pq_vnhbpj4t5lwm0000gn/T/junit13211042671926172745/cli_2.6.3.Final-platform_2.7.4.Final"): error=2, No such file or directory
	at io.quarkus.devtools.compat.CliCompatTest.jbang(CliCompatTest.java:141)
	at io.quarkus.devtools.compat.CliCompatTest.testCLI(CliCompatTest.java:110)
	at io.quarkus.devtools.compat.CliCompatTest.lambda$generateTests$10(CliCompatTest.java:99)
Caused by: java.io.IOException: error=2, No such file or directory
	at io.quarkus.devtools.compat.CliCompatTest.jbang(CliCompatTest.java:141)
	at io.quarkus.devtools.compat.CliCompatTest.testCLI(CliCompatTest.java:110)
	at io.quarkus.devtools.compat.CliCompatTest.lambda$generateTests$10(CliCompatTest.java:99)
</error>
    <system-out><![CDATA[run: ./jbang trust add https://repo1.maven.org/maven2/io/quarkus/
]]></system-out>
  </testcase>
  <testcase name="testCli{Path}[40]" classname="io.quarkus.devtools.compat.CliCompatTest" time="0.004">
    <error message="Could not execute [./jbang, trust, add, https://repo1.maven.org/maven2/io/quarkus/] in /var/folders/j8/sj85tl7d2pq_vnhbpj4t5lwm0000gn/T/junit13211042671926172745/cli_2.6.2.Final-platform_2.7.4.Final. Error=2, No such file or directory" type="org.zeroturnaround.exec.ProcessInitException">org.zeroturnaround.exec.ProcessInitException: Could not execute [./jbang, trust, add, https://repo1.maven.org/maven2/io/quarkus/] in /var/folders/j8/sj85tl7d2pq_vnhbpj4t5lwm0000gn/T/junit13211042671926172745/cli_2.6.2.Final-platform_2.7.4.Final. Error=2, No such file or directory
	at io.quarkus.devtools.compat.CliCompatTest.jbang(CliCompatTest.java:141)
	at io.quarkus.devtools.compat.CliCompatTest.testCLI(CliCompatTest.java:110)
	at io.quarkus.devtools.compat.CliCompatTest.lambda$generateTests$10(CliCompatTest.java:99)
Caused by: java.io.IOException: Cannot run program "./jbang" (in directory "/var/folders/j8/sj85tl7d2pq_vnhbpj4t5lwm0000gn/T/junit13211042671926172745/cli_2.6.2.Final-platform_2.7.4.Final"): error=2, No such file or directory
	at io.quarkus.devtools.compat.CliCompatTest.jbang(CliCompatTest.java:141)
	at io.quarkus.devtools.compat.CliCompatTest.testCLI(CliCompatTest.java:110)
	at io.quarkus.devtools.compat.CliCompatTest.lambda$generateTests$10(CliCompatTest.java:99)
Caused by: java.io.IOException: error=2, No such file or directory
	at io.quarkus.devtools.compat.CliCompatTest.jbang(CliCompatTest.java:141)
	at io.quarkus.devtools.compat.CliCompatTest.testCLI(CliCompatTest.java:110)
	at io.quarkus.devtools.compat.CliCompatTest.lambda$generateTests$10(CliCompatTest.java:99)
</error>
    <system-out><![CDATA[run: ./jbang trust add https://repo1.maven.org/maven2/io/quarkus/
]]></system-out>
  </testcase>
  <testcase name="testCli{Path}[41]" classname="io.quarkus.devtools.compat.CliCompatTest" time="0.003">
    <error message="Could not execute [./jbang, trust, add, https://repo1.maven.org/maven2/io/quarkus/] in /var/folders/j8/sj85tl7d2pq_vnhbpj4t5lwm0000gn/T/junit13211042671926172745/cli_2.8.1.Final-platform_2.7.3.Final. Error=2, No such file or directory" type="org.zeroturnaround.exec.ProcessInitException">org.zeroturnaround.exec.ProcessInitException: Could not execute [./jbang, trust, add, https://repo1.maven.org/maven2/io/quarkus/] in /var/folders/j8/sj85tl7d2pq_vnhbpj4t5lwm0000gn/T/junit13211042671926172745/cli_2.8.1.Final-platform_2.7.3.Final. Error=2, No such file or directory
	at io.quarkus.devtools.compat.CliCompatTest.jbang(CliCompatTest.java:141)
	at io.quarkus.devtools.compat.CliCompatTest.testCLI(CliCompatTest.java:110)
	at io.quarkus.devtools.compat.CliCompatTest.lambda$generateTests$10(CliCompatTest.java:99)
Caused by: java.io.IOException: Cannot run program "./jbang" (in directory "/var/folders/j8/sj85tl7d2pq_vnhbpj4t5lwm0000gn/T/junit13211042671926172745/cli_2.8.1.Final-platform_2.7.3.Final"): error=2, No such file or directory
	at io.quarkus.devtools.compat.CliCompatTest.jbang(CliCompatTest.java:141)
	at io.quarkus.devtools.compat.CliCompatTest.testCLI(CliCompatTest.java:110)
	at io.quarkus.devtools.compat.CliCompatTest.lambda$generateTests$10(CliCompatTest.java:99)
Caused by: java.io.IOException: error=2, No such file or directory
	at io.quarkus.devtools.compat.CliCompatTest.jbang(CliCompatTest.java:141)
	at io.quarkus.devtools.compat.CliCompatTest.testCLI(CliCompatTest.java:110)
	at io.quarkus.devtools.compat.CliCompatTest.lambda$generateTests$10(CliCompatTest.java:99)
</error>
    <system-out><![CDATA[run: ./jbang trust add https://repo1.maven.org/maven2/io/quarkus/
]]></system-out>
  </testcase>
  <testcase name="testCli{Path}[42]" classname="io.quarkus.devtools.compat.CliCompatTest" time="0.004">
    <error message="Could not execute [./jbang, trust, add, https://repo1.maven.org/maven2/io/quarkus/] in /var/folders/j8/sj85tl7d2pq_vnhbpj4t5lwm0000gn/T/junit13211042671926172745/cli_2.8.0.Final-platform_2.7.3.Final. Error=2, No such file or directory" type="org.zeroturnaround.exec.ProcessInitException">org.zeroturnaround.exec.ProcessInitException: Could not execute [./jbang, trust, add, https://repo1.maven.org/maven2/io/quarkus/] in /var/folders/j8/sj85tl7d2pq_vnhbpj4t5lwm0000gn/T/junit13211042671926172745/cli_2.8.0.Final-platform_2.7.3.Final. Error=2, No such file or directory
	at io.quarkus.devtools.compat.CliCompatTest.jbang(CliCompatTest.java:141)
	at io.quarkus.devtools.compat.CliCompatTest.testCLI(CliCompatTest.java:110)
	at io.quarkus.devtools.compat.CliCompatTest.lambda$generateTests$10(CliCompatTest.java:99)
Caused by: java.io.IOException: Cannot run program "./jbang" (in directory "/var/folders/j8/sj85tl7d2pq_vnhbpj4t5lwm0000gn/T/junit13211042671926172745/cli_2.8.0.Final-platform_2.7.3.Final"): error=2, No such file or directory
	at io.quarkus.devtools.compat.CliCompatTest.jbang(CliCompatTest.java:141)
	at io.quarkus.devtools.compat.CliCompatTest.testCLI(CliCompatTest.java:110)
	at io.quarkus.devtools.compat.CliCompatTest.lambda$generateTests$10(CliCompatTest.java:99)
Caused by: java.io.IOException: error=2, No such file or directory
	at io.quarkus.devtools.compat.CliCompatTest.jbang(CliCompatTest.java:141)
	at io.quarkus.devtools.compat.CliCompatTest.testCLI(CliCompatTest.java:110)
	at io.quarkus.devtools.compat.CliCompatTest.lambda$generateTests$10(CliCompatTest.java:99)
</error>
    <system-out><![CDATA[run: ./jbang trust add https://repo1.maven.org/maven2/io/quarkus/
]]></system-out>
  </testcase>
  <testcase name="testCli{Path}[43]" classname="io.quarkus.devtools.compat.CliCompatTest" time="0.004">
    <error message="Could not execute [./jbang, trust, add, https://repo1.maven.org/maven2/io/quarkus/] in /var/folders/j8/sj85tl7d2pq_vnhbpj4t5lwm0000gn/T/junit13211042671926172745/cli_2.7.5.Final-platform_2.7.3.Final. Error=2, No such file or directory" type="org.zeroturnaround.exec.ProcessInitException">org.zeroturnaround.exec.ProcessInitException: Could not execute [./jbang, trust, add, https://repo1.maven.org/maven2/io/quarkus/] in /var/folders/j8/sj85tl7d2pq_vnhbpj4t5lwm0000gn/T/junit13211042671926172745/cli_2.7.5.Final-platform_2.7.3.Final. Error=2, No such file or directory
	at io.quarkus.devtools.compat.CliCompatTest.jbang(CliCompatTest.java:141)
	at io.quarkus.devtools.compat.CliCompatTest.testCLI(CliCompatTest.java:110)
	at io.quarkus.devtools.compat.CliCompatTest.lambda$generateTests$10(CliCompatTest.java:99)
Caused by: java.io.IOException: Cannot run program "./jbang" (in directory "/var/folders/j8/sj85tl7d2pq_vnhbpj4t5lwm0000gn/T/junit13211042671926172745/cli_2.7.5.Final-platform_2.7.3.Final"): error=2, No such file or directory
	at io.quarkus.devtools.compat.CliCompatTest.jbang(CliCompatTest.java:141)
	at io.quarkus.devtools.compat.CliCompatTest.testCLI(CliCompatTest.java:110)
	at io.quarkus.devtools.compat.CliCompatTest.lambda$generateTests$10(CliCompatTest.java:99)
Caused by: java.io.IOException: error=2, No such file or directory
	at io.quarkus.devtools.compat.CliCompatTest.jbang(CliCompatTest.java:141)
	at io.quarkus.devtools.compat.CliCompatTest.testCLI(CliCompatTest.java:110)
[...]
	at io.quarkus.devtools.compat.CliCompatTest.jbang(CliCompatTest.java:141)
	at io.quarkus.devtools.compat.CliCompatTest.testCLI(CliCompatTest.java:110)
	at io.quarkus.devtools.compat.CliCompatTest.lambda$generateTests$10(CliCompatTest.java:99)
Caused by: java.io.IOException: Cannot run program "./jbang" (in directory "/var/folders/j8/sj85tl7d2pq_vnhbpj4t5lwm0000gn/T/junit13211042671926172745/cli_2.6.2.Final-platform_2.6.3.Final"): error=2, No such file or directory
	at io.quarkus.devtools.compat.CliCompatTest.jbang(CliCompatTest.java:141)
	at io.quarkus.devtools.compat.CliCompatTest.testCLI(CliCompatTest.java:110)
	at io.quarkus.devtools.compat.CliCompatTest.lambda$generateTests$10(CliCompatTest.java:99)
Caused by: java.io.IOException: error=2, No such file or directory
	at io.quarkus.devtools.compat.CliCompatTest.jbang(CliCompatTest.java:141)
	at io.quarkus.devtools.compat.CliCompatTest.testCLI(CliCompatTest.java:110)
	at io.quarkus.devtools.compat.CliCompatTest.lambda$generateTests$10(CliCompatTest.java:99)
</error>
    <system-out><![CDATA[run: ./jbang trust add https://repo1.maven.org/maven2/io/quarkus/
]]></system-out>
  </testcase>
  <testcase name="testCli{Path}[91]" classname="io.quarkus.devtools.compat.CliCompatTest" time="0.003">
    <error message="Could not execute [./jbang, trust, add, https://repo1.maven.org/maven2/io/quarkus/] in /var/folders/j8/sj85tl7d2pq_vnhbpj4t5lwm0000gn/T/junit13211042671926172745/cli_2.8.1.Final-platform_2.6.2.Final. Error=2, No such file or directory" type="org.zeroturnaround.exec.ProcessInitException">org.zeroturnaround.exec.ProcessInitException: Could not execute [./jbang, trust, add, https://repo1.maven.org/maven2/io/quarkus/] in /var/folders/j8/sj85tl7d2pq_vnhbpj4t5lwm0000gn/T/junit13211042671926172745/cli_2.8.1.Final-platform_2.6.2.Final. Error=2, No such file or directory
	at io.quarkus.devtools.compat.CliCompatTest.jbang(CliCompatTest.java:141)
	at io.quarkus.devtools.compat.CliCompatTest.testCLI(CliCompatTest.java:110)
	at io.quarkus.devtools.compat.CliCompatTest.lambda$generateTests$10(CliCompatTest.java:99)
Caused by: java.io.IOException: Cannot run program "./jbang" (in directory "/var/folders/j8/sj85tl7d2pq_vnhbpj4t5lwm0000gn/T/junit13211042671926172745/cli_2.8.1.Final-platform_2.6.2.Final"): error=2, No such file or directory
	at io.quarkus.devtools.compat.CliCompatTest.jbang(CliCompatTest.java:141)
	at io.quarkus.devtools.compat.CliCompatTest.testCLI(CliCompatTest.java:110)
	at io.quarkus.devtools.compat.CliCompatTest.lambda$generateTests$10(CliCompatTest.java:99)
Caused by: java.io.IOException: error=2, No such file or directory
	at io.quarkus.devtools.compat.CliCompatTest.jbang(CliCompatTest.java:141)
	at io.quarkus.devtools.compat.CliCompatTest.testCLI(CliCompatTest.java:110)
	at io.quarkus.devtools.compat.CliCompatTest.lambda$generateTests$10(CliCompatTest.java:99)
</error>
    <system-out><![CDATA[run: ./jbang trust add https://repo1.maven.org/maven2/io/quarkus/
]]></system-out>
  </testcase>
  <testcase name="testCli{Path}[92]" classname="io.quarkus.devtools.compat.CliCompatTest" time="0.004">
    <error message="Could not execute [./jbang, trust, add, https://repo1.maven.org/maven2/io/quarkus/] in /var/folders/j8/sj85tl7d2pq_vnhbpj4t5lwm0000gn/T/junit13211042671926172745/cli_2.8.0.Final-platform_2.6.2.Final. Error=2, No such file or directory" type="org.zeroturnaround.exec.ProcessInitException">org.zeroturnaround.exec.ProcessInitException: Could not execute [./jbang, trust, add, https://repo1.maven.org/maven2/io/quarkus/] in /var/folders/j8/sj85tl7d2pq_vnhbpj4t5lwm0000gn/T/junit13211042671926172745/cli_2.8.0.Final-platform_2.6.2.Final. Error=2, No such file or directory
	at io.quarkus.devtools.compat.CliCompatTest.jbang(CliCompatTest.java:141)
	at io.quarkus.devtools.compat.CliCompatTest.testCLI(CliCompatTest.java:110)
	at io.quarkus.devtools.compat.CliCompatTest.lambda$generateTests$10(CliCompatTest.java:99)
Caused by: java.io.IOException: Cannot run program "./jbang" (in directory "/var/folders/j8/sj85tl7d2pq_vnhbpj4t5lwm0000gn/T/junit13211042671926172745/cli_2.8.0.Final-platform_2.6.2.Final"): error=2, No such file or directory
	at io.quarkus.devtools.compat.CliCompatTest.jbang(CliCompatTest.java:141)
	at io.quarkus.devtools.compat.CliCompatTest.testCLI(CliCompatTest.java:110)
	at io.quarkus.devtools.compat.CliCompatTest.lambda$generateTests$10(CliCompatTest.java:99)
Caused by: java.io.IOException: error=2, No such file or directory
	at io.quarkus.devtools.compat.CliCompatTest.jbang(CliCompatTest.java:141)
	at io.quarkus.devtools.compat.CliCompatTest.testCLI(CliCompatTest.java:110)
	at io.quarkus.devtools.compat.CliCompatTest.lambda$generateTests$10(CliCompatTest.java:99)
</error>
    <system-out><![CDATA[run: ./jbang trust add https://repo1.maven.org/maven2/io/quarkus/
]]></system-out>
  </testcase>
  <testcase name="testCli{Path}[93]" classname="io.quarkus.devtools.compat.CliCompatTest" time="0.003">
    <error message="Could not execute [./jbang, trust, add, https://repo1.maven.org/maven2/io/quarkus/] in /var/folders/j8/sj85tl7d2pq_vnhbpj4t5lwm0000gn/T/junit13211042671926172745/cli_2.7.5.Final-platform_2.6.2.Final. Error=2, No such file or directory" type="org.zeroturnaround.exec.ProcessInitException">org.zeroturnaround.exec.ProcessInitException: Could not execute [./jbang, trust, add, https://repo1.maven.org/maven2/io/quarkus/] in /var/folders/j8/sj85tl7d2pq_vnhbpj4t5lwm0000gn/T/junit13211042671926172745/cli_2.7.5.Final-platform_2.6.2.Final. Error=2, No such file or directory
	at io.quarkus.devtools.compat.CliCompatTest.jbang(CliCompatTest.java:141)
	at io.quarkus.devtools.compat.CliCompatTest.testCLI(CliCompatTest.java:110)
	at io.quarkus.devtools.compat.CliCompatTest.lambda$generateTests$10(CliCompatTest.java:99)
Caused by: java.io.IOException: Cannot run program "./jbang" (in directory "/var/folders/j8/sj85tl7d2pq_vnhbpj4t5lwm0000gn/T/junit13211042671926172745/cli_2.7.5.Final-platform_2.6.2.Final"): error=2, No such file or directory
	at io.quarkus.devtools.compat.CliCompatTest.jbang(CliCompatTest.java:141)
	at io.quarkus.devtools.compat.CliCompatTest.testCLI(CliCompatTest.java:110)
	at io.quarkus.devtools.compat.CliCompatTest.lambda$generateTests$10(CliCompatTest.java:99)
Caused by: java.io.IOException: error=2, No such file or directory
	at io.quarkus.devtools.compat.CliCompatTest.jbang(CliCompatTest.java:141)
	at io.quarkus.devtools.compat.CliCompatTest.testCLI(CliCompatTest.java:110)
	at io.quarkus.devtools.compat.CliCompatTest.lambda$generateTests$10(CliCompatTest.java:99)
</error>
    <system-out><![CDATA[run: ./jbang trust add https://repo1.maven.org/maven2/io/quarkus/
]]></system-out>
  </testcase>
  <testcase name="testCli{Path}[94]" classname="io.quarkus.devtools.compat.CliCompatTest" time="0.004">
    <error message="Could not execute [./jbang, trust, add, https://repo1.maven.org/maven2/io/quarkus/] in /var/folders/j8/sj85tl7d2pq_vnhbpj4t5lwm0000gn/T/junit13211042671926172745/cli_2.7.4.Final-platform_2.6.2.Final. Error=2, No such file or directory" type="org.zeroturnaround.exec.ProcessInitException">org.zeroturnaround.exec.ProcessInitException: Could not execute [./jbang, trust, add, https://repo1.maven.org/maven2/io/quarkus/] in /var/folders/j8/sj85tl7d2pq_vnhbpj4t5lwm0000gn/T/junit13211042671926172745/cli_2.7.4.Final-platform_2.6.2.Final. Error=2, No such file or directory
	at io.quarkus.devtools.compat.CliCompatTest.jbang(CliCompatTest.java:141)
	at io.quarkus.devtools.compat.CliCompatTest.testCLI(CliCompatTest.java:110)
	at io.quarkus.devtools.compat.CliCompatTest.lambda$generateTests$10(CliCompatTest.java:99)
Caused by: java.io.IOException: Cannot run program "./jbang" (in directory "/var/folders/j8/sj85tl7d2pq_vnhbpj4t5lwm0000gn/T/junit13211042671926172745/cli_2.7.4.Final-platform_2.6.2.Final"): error=2, No such file or directory
	at io.quarkus.devtools.compat.CliCompatTest.jbang(CliCompatTest.java:141)
	at io.quarkus.devtools.compat.CliCompatTest.testCLI(CliCompatTest.java:110)
	at io.quarkus.devtools.compat.CliCompatTest.lambda$generateTests$10(CliCompatTest.java:99)
Caused by: java.io.IOException: error=2, No such file or directory
	at io.quarkus.devtools.compat.CliCompatTest.jbang(CliCompatTest.java:141)
	at io.quarkus.devtools.compat.CliCompatTest.testCLI(CliCompatTest.java:110)
	at io.quarkus.devtools.compat.CliCompatTest.lambda$generateTests$10(CliCompatTest.java:99)
</error>
    <system-out><![CDATA[run: ./jbang trust add https://repo1.maven.org/maven2/io/quarkus/
]]></system-out>
  </testcase>
  <testcase name="testCli{Path}[95]" classname="io.quarkus.devtools.compat.CliCompatTest" time="0.004">
    <error message="Could not execute [./jbang, trust, add, https://repo1.maven.org/maven2/io/quarkus/] in /var/folders/j8/sj85tl7d2pq_vnhbpj4t5lwm0000gn/T/junit13211042671926172745/cli_2.7.3.Final-platform_2.6.2.Final. Error=2, No such file or directory" type="org.zeroturnaround.exec.ProcessInitException">org.zeroturnaround.exec.ProcessInitException: Could not execute [./jbang, trust, add, https://repo1.maven.org/maven2/io/quarkus/] in /var/folders/j8/sj85tl7d2pq_vnhbpj4t5lwm0000gn/T/junit13211042671926172745/cli_2.7.3.Final-platform_2.6.2.Final. Error=2, No such file or directory
	at io.quarkus.devtools.compat.CliCompatTest.jbang(CliCompatTest.java:141)
	at io.quarkus.devtools.compat.CliCompatTest.testCLI(CliCompatTest.java:110)
	at io.quarkus.devtools.compat.CliCompatTest.lambda$generateTests$10(CliCompatTest.java:99)
Caused by: java.io.IOException: Cannot run program "./jbang" (in directory "/var/folders/j8/sj85tl7d2pq_vnhbpj4t5lwm0000gn/T/junit13211042671926172745/cli_2.7.3.Final-platform_2.6.2.Final"): error=2, No such file or directory
	at io.quarkus.devtools.compat.CliCompatTest.jbang(CliCompatTest.java:141)
	at io.quarkus.devtools.compat.CliCompatTest.testCLI(CliCompatTest.java:110)
	at io.quarkus.devtools.compat.CliCompatTest.lambda$generateTests$10(CliCompatTest.java:99)
Caused by: java.io.IOException: error=2, No such file or directory
	at io.quarkus.devtools.compat.CliCompatTest.jbang(CliCompatTest.java:141)
	at io.quarkus.devtools.compat.CliCompatTest.testCLI(CliCompatTest.java:110)
	at io.quarkus.devtools.compat.CliCompatTest.lambda$generateTests$10(CliCompatTest.java:99)
</error>
    <system-out><![CDATA[run: ./jbang trust add https://repo1.maven.org/maven2/io/quarkus/
]]></system-out>
  </testcase>
  <testcase name="testCli{Path}[96]" classname="io.quarkus.devtools.compat.CliCompatTest" time="0.004">
    <error message="Could not execute [./jbang, trust, add, https://repo1.maven.org/maven2/io/quarkus/] in /var/folders/j8/sj85tl7d2pq_vnhbpj4t5lwm0000gn/T/junit13211042671926172745/cli_2.7.2.Final-platform_2.6.2.Final. Error=2, No such file or directory" type="org.zeroturnaround.exec.ProcessInitException">org.zeroturnaround.exec.ProcessInitException: Could not execute [./jbang, trust, add, https://repo1.maven.org/maven2/io/quarkus/] in /var/folders/j8/sj85tl7d2pq_vnhbpj4t5lwm0000gn/T/junit13211042671926172745/cli_2.7.2.Final-platform_2.6.2.Final. Error=2, No such file or directory
	at io.quarkus.devtools.compat.CliCompatTest.jbang(CliCompatTest.java:141)
	at io.quarkus.devtools.compat.CliCompatTest.testCLI(CliCompatTest.java:110)
	at io.quarkus.devtools.compat.CliCompatTest.lambda$generateTests$10(CliCompatTest.java:99)
Caused by: java.io.IOException: Cannot run program "./jbang" (in directory "/var/folders/j8/sj85tl7d2pq_vnhbpj4t5lwm0000gn/T/junit13211042671926172745/cli_2.7.2.Final-platform_2.6.2.Final"): error=2, No such file or directory
	at io.quarkus.devtools.compat.CliCompatTest.jbang(CliCompatTest.java:141)
	at io.quarkus.devtools.compat.CliCompatTest.testCLI(CliCompatTest.java:110)
	at io.quarkus.devtools.compat.CliCompatTest.lambda$generateTests$10(CliCompatTest.java:99)
Caused by: java.io.IOException: error=2, No such file or directory
	at io.quarkus.devtools.compat.CliCompatTest.jbang(CliCompatTest.java:141)
	at io.quarkus.devtools.compat.CliCompatTest.testCLI(CliCompatTest.java:110)
	at io.quarkus.devtools.compat.CliCompatTest.lambda$generateTests$10(CliCompatTest.java:99)
</error>
    <system-out><![CDATA[run: ./jbang trust add https://repo1.maven.org/maven2/io/quarkus/
]]></system-out>
  </testcase>
  <testcase name="testCli{Path}[97]" classname="io.quarkus.devtools.compat.CliCompatTest" time="0.004">
    <error message="Could not execute [./jbang, trust, add, https://repo1.maven.org/maven2/io/quarkus/] in /var/folders/j8/sj85tl7d2pq_vnhbpj4t5lwm0000gn/T/junit13211042671926172745/cli_2.7.1.Final-platform_2.6.2.Final. Error=2, No such file or directory" type="org.zeroturnaround.exec.ProcessInitException">org.zeroturnaround.exec.ProcessInitException: Could not execute [./jbang, trust, add, https://repo1.maven.org/maven2/io/quarkus/] in /var/folders/j8/sj85tl7d2pq_vnhbpj4t5lwm0000gn/T/junit13211042671926172745/cli_2.7.1.Final-platform_2.6.2.Final. Error=2, No such file or directory
	at io.quarkus.devtools.compat.CliCompatTest.jbang(CliCompatTest.java:141)
	at io.quarkus.devtools.compat.CliCompatTest.testCLI(CliCompatTest.java:110)
	at io.quarkus.devtools.compat.CliCompatTest.lambda$generateTests$10(CliCompatTest.java:99)
Caused by: java.io.IOException: Cannot run program "./jbang" (in directory "/var/folders/j8/sj85tl7d2pq_vnhbpj4t5lwm0000gn/T/junit13211042671926172745/cli_2.7.1.Final-platform_2.6.2.Final"): error=2, No such file or directory
	at io.quarkus.devtools.compat.CliCompatTest.jbang(CliCompatTest.java:141)
	at io.quarkus.devtools.compat.CliCompatTest.testCLI(CliCompatTest.java:110)
	at io.quarkus.devtools.compat.CliCompatTest.lambda$generateTests$10(CliCompatTest.java:99)
Caused by: java.io.IOException: error=2, No such file or directory
	at io.quarkus.devtools.compat.CliCompatTest.jbang(CliCompatTest.java:141)
	at io.quarkus.devtools.compat.CliCompatTest.testCLI(CliCompatTest.java:110)
	at io.quarkus.devtools.compat.CliCompatTest.lambda$generateTests$10(CliCompatTest.java:99)
</error>
    <system-out><![CDATA[run: ./jbang trust add https://repo1.maven.org/maven2/io/quarkus/
]]></system-out>
  </testcase>
  <testcase name="testCli{Path}[98]" classname="io.quarkus.devtools.compat.CliCompatTest" time="0.003">
    <error message="Could not execute [./jbang, trust, add, https://repo1.maven.org/maven2/io/quarkus/] in /var/folders/j8/sj85tl7d2pq_vnhbpj4t5lwm0000gn/T/junit13211042671926172745/cli_2.7.0.Final-platform_2.6.2.Final. Error=2, No such file or directory" type="org.zeroturnaround.exec.ProcessInitException">org.zeroturnaround.exec.ProcessInitException: Could not execute [./jbang, trust, add, https://repo1.maven.org/maven2/io/quarkus/] in /var/folders/j8/sj85tl7d2pq_vnhbpj4t5lwm0000gn/T/junit13211042671926172745/cli_2.7.0.Final-platform_2.6.2.Final. Error=2, No such file or directory
	at io.quarkus.devtools.compat.CliCompatTest.jbang(CliCompatTest.java:141)
	at io.quarkus.devtools.compat.CliCompatTest.testCLI(CliCompatTest.java:110)
	at io.quarkus.devtools.compat.CliCompatTest.lambda$generateTests$10(CliCompatTest.java:99)
Caused by: java.io.IOException: Cannot run program "./jbang" (in directory "/var/folders/j8/sj85tl7d2pq_vnhbpj4t5lwm0000gn/T/junit13211042671926172745/cli_2.7.0.Final-platform_2.6.2.Final"): error=2, No such file or directory
	at io.quarkus.devtools.compat.CliCompatTest.jbang(CliCompatTest.java:141)
	at io.quarkus.devtools.compat.CliCompatTest.testCLI(CliCompatTest.java:110)
	at io.quarkus.devtools.compat.CliCompatTest.lambda$generateTests$10(CliCompatTest.java:99)
Caused by: java.io.IOException: error=2, No such file or directory
	at io.quarkus.devtools.compat.CliCompatTest.jbang(CliCompatTest.java:141)
	at io.quarkus.devtools.compat.CliCompatTest.testCLI(CliCompatTest.java:110)
	at io.quarkus.devtools.compat.CliCompatTest.lambda$generateTests$10(CliCompatTest.java:99)
</error>
    <system-out><![CDATA[run: ./jbang trust add https://repo1.maven.org/maven2/io/quarkus/
]]></system-out>
  </testcase>
  <testcase name="testCli{Path}[99]" classname="io.quarkus.devtools.compat.CliCompatTest" time="0.003">
    <error message="Could not execute [./jbang, trust, add, https://repo1.maven.org/maven2/io/quarkus/] in /var/folders/j8/sj85tl7d2pq_vnhbpj4t5lwm0000gn/T/junit13211042671926172745/cli_2.6.3.Final-platform_2.6.2.Final. Error=2, No such file or directory" type="org.zeroturnaround.exec.ProcessInitException">org.zeroturnaround.exec.ProcessInitException: Could not execute [./jbang, trust, add, https://repo1.maven.org/maven2/io/quarkus/] in /var/folders/j8/sj85tl7d2pq_vnhbpj4t5lwm0000gn/T/junit13211042671926172745/cli_2.6.3.Final-platform_2.6.2.Final. Error=2, No such file or directory
	at io.quarkus.devtools.compat.CliCompatTest.jbang(CliCompatTest.java:141)
	at io.quarkus.devtools.compat.CliCompatTest.testCLI(CliCompatTest.java:110)
	at io.quarkus.devtools.compat.CliCompatTest.lambda$generateTests$10(CliCompatTest.java:99)
Caused by: java.io.IOException: Cannot run program "./jbang" (in directory "/var/folders/j8/sj85tl7d2pq_vnhbpj4t5lwm0000gn/T/junit13211042671926172745/cli_2.6.3.Final-platform_2.6.2.Final"): error=2, No such file or directory
	at io.quarkus.devtools.compat.CliCompatTest.jbang(CliCompatTest.java:141)
	at io.quarkus.devtools.compat.CliCompatTest.testCLI(CliCompatTest.java:110)
	at io.quarkus.devtools.compat.CliCompatTest.lambda$generateTests$10(CliCompatTest.java:99)
Caused by: java.io.IOException: error=2, No such file or directory
	at io.quarkus.devtools.compat.CliCompatTest.jbang(CliCompatTest.java:141)
	at io.quarkus.devtools.compat.CliCompatTest.testCLI(CliCompatTest.java:110)
	at io.quarkus.devtools.compat.CliCompatTest.lambda$generateTests$10(CliCompatTest.java:99)
</error>
    <system-out><![CDATA[run: ./jbang trust add https://repo1.maven.org/maven2/io/quarkus/
]]></system-out>
  </testcase>
  <testcase name="testCli{Path}[100]" classname="io.quarkus.devtools.compat.CliCompatTest" time="0.004">
    <error message="Could not execute [./jbang, trust, add, https://repo1.maven.org/maven2/io/quarkus/] in /var/folders/j8/sj85tl7d2pq_vnhbpj4t5lwm0000gn/T/junit13211042671926172745/cli_2.6.2.Final-platform_2.6.2.Final. Error=2, No such file or directory" type="org.zeroturnaround.exec.ProcessInitException">org.zeroturnaround.exec.ProcessInitException: Could not execute [./jbang, trust, add, https://repo1.maven.org/maven2/io/quarkus/] in /var/folders/j8/sj85tl7d2pq_vnhbpj4t5lwm0000gn/T/junit13211042671926172745/cli_2.6.2.Final-platform_2.6.2.Final. Error=2, No such file or directory
	at io.quarkus.devtools.compat.CliCompatTest.jbang(CliCompatTest.java:141)
	at io.quarkus.devtools.compat.CliCompatTest.testCLI(CliCompatTest.java:110)
	at io.quarkus.devtools.compat.CliCompatTest.lambda$generateTests$10(CliCompatTest.java:99)
Caused by: java.io.IOException: Cannot run program "./jbang" (in directory "/var/folders/j8/sj85tl7d2pq_vnhbpj4t5lwm0000gn/T/junit13211042671926172745/cli_2.6.2.Final-platform_2.6.2.Final"): error=2, No such file or directory
	at io.quarkus.devtools.compat.CliCompatTest.jbang(CliCompatTest.java:141)
	at io.quarkus.devtools.compat.CliCompatTest.testCLI(CliCompatTest.java:110)
	at io.quarkus.devtools.compat.CliCompatTest.lambda$generateTests$10(CliCompatTest.java:99)
Caused by: java.io.IOException: error=2, No such file or directory
	at io.quarkus.devtools.compat.CliCompatTest.jbang(CliCompatTest.java:141)
	at io.quarkus.devtools.compat.CliCompatTest.testCLI(CliCompatTest.java:110)
	at io.quarkus.devtools.compat.CliCompatTest.lambda$generateTests$10(CliCompatTest.java:99)
</error>
    <system-out><![CDATA[run: ./jbang trust add https://repo1.maven.org/maven2/io/quarkus/
]]></system-out>
  </testcase>
</testsuite>